20/01/2016 17:39:31:517  INFO - 2BA7586EBD4D50DCEA9B475D0A48DD8F:/RCOM_CF_GPON_IVR : SCESession bound to HttpSession 2BA7586EBD4D50DCEA9B475D0A48DD8F
20/01/2016 17:39:31:522  INFO - 2BA7586EBD4D50DCEA9B475D0A48DD8F:/RCOM_CF_GPON_IVR : Browser Version 2.1.4, terminationURL enabled : true
20/01/2016 17:39:31:714  INFO - 2BA7586EBD4D50DCEA9B475D0A48DD8F:/RCOM_CF_GPON_IVR : Using SCESession 2BA7586EBD4D50DCEA9B475D0A48DD8F:/RCOM_CF_GPON_IVR servlet : Start
20/01/2016 17:39:32:143  INFO - 2BA7586EBD4D50DCEA9B475D0A48DD8F:/RCOM_CF_GPON_IVR : ** Pushed Stack Frame [/RCOM_CF_GPON_IVR]
20/01/2016 17:39:32:175 DEBUG - 2BA7586EBD4D50DCEA9B475D0A48DD8F:/RCOM_CF_GPON_IVR : Not able to save posted variable information [call_classification]
20/01/2016 17:39:32:176  INFO - 2BA7586EBD4D50DCEA9B475D0A48DD8F:/RCOM_CF_GPON_IVR : Storing :session___sessionid to complex: session:sessionid  as [sess7780889]
20/01/2016 17:39:32:177  INFO - 2BA7586EBD4D50DCEA9B475D0A48DD8F:/RCOM_CF_GPON_IVR : Storing :session___vpconverseondata to complex: session:vpconverseondata  as []
20/01/2016 17:39:32:830  INFO - 2BA7586EBD4D50DCEA9B475D0A48DD8F:/RCOM_CF_GPON_IVR : runtime_platform : Desktop
20/01/2016 17:39:32:830  INFO - 2BA7586EBD4D50DCEA9B475D0A48DD8F:/RCOM_CF_GPON_IVR : runtime_asr : Desktop Microsoft Speech SAPI
20/01/2016 17:39:32:844 DEBUG - 2BA7586EBD4D50DCEA9B475D0A48DD8F:/RCOM_CF_GPON_IVR : Acquiring initial License
20/01/2016 17:39:32:847  INFO - 2BA7586EBD4D50DCEA9B475D0A48DD8F:/RCOM_CF_GPON_IVR : Acquiring Desktop runtime license
20/01/2016 17:39:32:847  INFO - 2BA7586EBD4D50DCEA9B475D0A48DD8F:/RCOM_CF_GPON_IVR : Runtime :true
20/01/2016 17:39:32:848  INFO - 2BA7586EBD4D50DCEA9B475D0A48DD8F:/RCOM_CF_GPON_IVR : IC :true
20/01/2016 17:39:32:848  INFO - 2BA7586EBD4D50DCEA9B475D0A48DD8F:/RCOM_CF_GPON_IVR : CTI :true
20/01/2016 17:39:33:129 DEBUG - 2BA7586EBD4D50DCEA9B475D0A48DD8F:/RCOM_CF_GPON_IVR : Grace Period timer cleared
20/01/2016 17:39:33:137 DEBUG - 2BA7586EBD4D50DCEA9B475D0A48DD8F:/RCOM_CF_GPON_IVR : License refresh timer started
20/01/2016 17:39:33:149  INFO - 2BA7586EBD4D50DCEA9B475D0A48DD8F:/RCOM_CF_GPON_IVR : MessageType is speech
20/01/2016 17:39:33:186  INFO - 2BA7586EBD4D50DCEA9B475D0A48DD8F:/RCOM_CF_GPON_IVR : Using SCESession 2BA7586EBD4D50DCEA9B475D0A48DD8F:/RCOM_CF_GPON_IVR servlet : Dat_initializaVariables
20/01/2016 17:39:33:188  INFO - 2BA7586EBD4D50DCEA9B475D0A48DD8F:/RCOM_CF_GPON_IVR : Storing :_sipcallid to simple: _sipcallid  as [unknown]
20/01/2016 17:39:33:189  INFO - 2BA7586EBD4D50DCEA9B475D0A48DD8F:/RCOM_CF_GPON_IVR : Storing :redirectinfo___presentationinfo to complex: redirectinfo:presentationinfo  as [undefined]
20/01/2016 17:39:33:189  INFO - 2BA7586EBD4D50DCEA9B475D0A48DD8F:/RCOM_CF_GPON_IVR : Storing :redirectinfo___reason to complex: redirectinfo:reason  as [unknown]
20/01/2016 17:39:33:189  INFO - 2BA7586EBD4D50DCEA9B475D0A48DD8F:/RCOM_CF_GPON_IVR : Storing :redirectinfo___screeninginfo to complex: redirectinfo:screeninginfo  as [undefined]
20/01/2016 17:39:33:189  INFO - 2BA7586EBD4D50DCEA9B475D0A48DD8F:/RCOM_CF_GPON_IVR : Storing :redirectinfo___uri to complex: redirectinfo:uri  as [7520005907]
20/01/2016 17:39:33:190  INFO - 2BA7586EBD4D50DCEA9B475D0A48DD8F:/RCOM_CF_GPON_IVR : Storing :session___aai to complex: session:aai  as []
20/01/2016 17:39:33:190  INFO - 2BA7586EBD4D50DCEA9B475D0A48DD8F:/RCOM_CF_GPON_IVR : Storing :session___ani to complex: session:ani  as [7666888255]
20/01/2016 17:39:33:190  INFO - 2BA7586EBD4D50DCEA9B475D0A48DD8F:/RCOM_CF_GPON_IVR : Storing :session___calltag to complex: session:calltag  as [unknown]
20/01/2016 17:39:33:190  INFO - 2BA7586EBD4D50DCEA9B475D0A48DD8F:/RCOM_CF_GPON_IVR : Storing :session___channel to complex: session:channel  as [0]
20/01/2016 17:39:33:190  INFO - 2BA7586EBD4D50DCEA9B475D0A48DD8F:/RCOM_CF_GPON_IVR : Storing :session___conversefirst to complex: session:conversefirst  as [unknown]
20/01/2016 17:39:33:191  INFO - 2BA7586EBD4D50DCEA9B475D0A48DD8F:/RCOM_CF_GPON_IVR : Storing :session___conversesecond to complex: session:conversesecond  as [unknown]
20/01/2016 17:39:33:191  INFO - 2BA7586EBD4D50DCEA9B475D0A48DD8F:/RCOM_CF_GPON_IVR : Storing :session___dnis to complex: session:dnis  as [7520005907]
20/01/2016 17:39:33:191  INFO - 2BA7586EBD4D50DCEA9B475D0A48DD8F:/RCOM_CF_GPON_IVR : Storing :session___mediatype to complex: session:mediatype  as [unknown]
20/01/2016 17:39:33:192  INFO - 2BA7586EBD4D50DCEA9B475D0A48DD8F:/RCOM_CF_GPON_IVR : Storing :session___protocolname to complex: session:protocolname  as [pots]
20/01/2016 17:39:33:192  INFO - 2BA7586EBD4D50DCEA9B475D0A48DD8F:/RCOM_CF_GPON_IVR : Storing :session___protocolversion to complex: session:protocolversion  as [1]
20/01/2016 17:39:33:192  INFO - 2BA7586EBD4D50DCEA9B475D0A48DD8F:/RCOM_CF_GPON_IVR : Storing :session___sessionlabel to complex: session:sessionlabel  as [undefined]
20/01/2016 17:39:33:192  INFO - 2BA7586EBD4D50DCEA9B475D0A48DD8F:/RCOM_CF_GPON_IVR : Storing :session___sharedmode to complex: session:sharedmode  as [shared]
20/01/2016 17:39:33:192  INFO - 2BA7586EBD4D50DCEA9B475D0A48DD8F:/RCOM_CF_GPON_IVR : Storing :session___ucid to complex: session:ucid  as [undefined]
20/01/2016 17:39:33:193  INFO - 2BA7586EBD4D50DCEA9B475D0A48DD8F:/RCOM_CF_GPON_IVR : Storing :session___uui to complex: session:uui  as [unknown]
20/01/2016 17:39:33:193  INFO - 2BA7586EBD4D50DCEA9B475D0A48DD8F:/RCOM_CF_GPON_IVR : Storing :session___videobitrate to complex: session:videobitrate  as [unknown]
20/01/2016 17:39:33:193  INFO - 2BA7586EBD4D50DCEA9B475D0A48DD8F:/RCOM_CF_GPON_IVR : Storing :session___videocodec to complex: session:videocodec  as [unknown]
20/01/2016 17:39:33:193  INFO - 2BA7586EBD4D50DCEA9B475D0A48DD8F:/RCOM_CF_GPON_IVR : Storing :session___videoenabled to complex: session:videoenabled  as [unknown]
20/01/2016 17:39:33:194  INFO - 2BA7586EBD4D50DCEA9B475D0A48DD8F:/RCOM_CF_GPON_IVR : Storing :session___videofarfmtp to complex: session:videofarfmtp  as [unknown]
20/01/2016 17:39:33:194  INFO - 2BA7586EBD4D50DCEA9B475D0A48DD8F:/RCOM_CF_GPON_IVR : Storing :session___videoformat to complex: session:videoformat  as [unknown]
20/01/2016 17:39:33:194  INFO - 2BA7586EBD4D50DCEA9B475D0A48DD8F:/RCOM_CF_GPON_IVR : Storing :session___videofps to complex: session:videofps  as [unknown]
20/01/2016 17:39:33:194  INFO - 2BA7586EBD4D50DCEA9B475D0A48DD8F:/RCOM_CF_GPON_IVR : Storing :session___videoheight to complex: session:videoheight  as [unknown]
20/01/2016 17:39:33:194  INFO - 2BA7586EBD4D50DCEA9B475D0A48DD8F:/RCOM_CF_GPON_IVR : Storing :session___videonearfmtp to complex: session:videonearfmtp  as [unknown]
20/01/2016 17:39:33:195  INFO - 2BA7586EBD4D50DCEA9B475D0A48DD8F:/RCOM_CF_GPON_IVR : Storing :session___videowidth to complex: session:videowidth  as [unknown]
20/01/2016 17:39:33:195  INFO - 2BA7586EBD4D50DCEA9B475D0A48DD8F:/RCOM_CF_GPON_IVR : Storing :session___vpcalledextension to complex: session:vpcalledextension  as [unknown]
20/01/2016 17:39:33:195  INFO - 2BA7586EBD4D50DCEA9B475D0A48DD8F:/RCOM_CF_GPON_IVR : Storing :session___vpcoveragereason to complex: session:vpcoveragereason  as [unknown]
20/01/2016 17:39:33:195  INFO - 2BA7586EBD4D50DCEA9B475D0A48DD8F:/RCOM_CF_GPON_IVR : Storing :session___vpcoveragetype to complex: session:vpcoveragetype  as [unknown]
20/01/2016 17:39:33:195  INFO - 2BA7586EBD4D50DCEA9B475D0A48DD8F:/RCOM_CF_GPON_IVR : Storing :session___vprdnis to complex: session:vprdnis  as [unknown]
20/01/2016 17:39:33:196  INFO - 2BA7586EBD4D50DCEA9B475D0A48DD8F:/RCOM_CF_GPON_IVR : Storing :shareduui___id to complex: shareduui:id  as [unknown]
20/01/2016 17:39:33:196  INFO - 2BA7586EBD4D50DCEA9B475D0A48DD8F:/RCOM_CF_GPON_IVR : Storing :shareduui___value to complex: shareduui:value  as [unknown]
20/01/2016 17:39:33:259 DEBUG - 2BA7586EBD4D50DCEA9B475D0A48DD8F:/RCOM_CF_GPON_IVR : #Incoming ANI: 7666888255
20/01/2016 17:39:33:259 DEBUG - 2BA7586EBD4D50DCEA9B475D0A48DD8F:/RCOM_CF_GPON_IVR : #Incoming DNIS: 7520005907
20/01/2016 17:39:33:259 DEBUG - 2BA7586EBD4D50DCEA9B475D0A48DD8F:/RCOM_CF_GPON_IVR : # ProjectFilePath: null
20/01/2016 17:39:33:260 DEBUG - 2BA7586EBD4D50DCEA9B475D0A48DD8F:/RCOM_CF_GPON_IVR : # IVRConfigFileName: null
20/01/2016 17:39:33:260 DEBUG - 2BA7586EBD4D50DCEA9B475D0A48DD8F:/RCOM_CF_GPON_IVR : # IVRConfigFile Path: nullnull
20/01/2016 17:39:33:271 DEBUG - 2BA7586EBD4D50DCEA9B475D0A48DD8F:/RCOM_CF_GPON_IVR : # MPP IP: 127.0.0.1
20/01/2016 17:39:33:272 DEBUG - 2BA7586EBD4D50DCEA9B475D0A48DD8F:/RCOM_CF_GPON_IVR : # Total languages: 1
20/01/2016 17:39:33:272 DEBUG - 2BA7586EBD4D50DCEA9B475D0A48DD8F:/RCOM_CF_GPON_IVR : # Copying language to OD session variable: 
20/01/2016 17:39:33:333  INFO - 2BA7586EBD4D50DCEA9B475D0A48DD8F:/RCOM_CF_GPON_IVR : Capturing exception [java.lang.NullPointerException].  Message [null]
20/01/2016 17:39:33:378  INFO - 2BA7586EBD4D50DCEA9B475D0A48DD8F:/RCOM_CF_GPON_IVR : Using SCESession 2BA7586EBD4D50DCEA9B475D0A48DD8F:/RCOM_CF_GPON_IVR servlet : Ann_TechnicalIssue
20/01/2016 17:39:33:496  INFO - 2BA7586EBD4D50DCEA9B475D0A48DD8F:/RCOM_CF_GPON_IVR : Using SCESession 2BA7586EBD4D50DCEA9B475D0A48DD8F:/RCOM_CF_GPON_IVR servlet : Call_endCallProcess
20/01/2016 17:39:33:561  INFO - 2BA7586EBD4D50DCEA9B475D0A48DD8F:/RCOM_CF_GPON_IVR : Using SCESession 2BA7586EBD4D50DCEA9B475D0A48DD8F:/RCOM_CF_GPON_IVR servlet : CF_EndCallProcess-Begin
20/01/2016 17:39:33:615  INFO - 2BA7586EBD4D50DCEA9B475D0A48DD8F:/RCOM_CF_GPON_IVR : Using SCESession 2BA7586EBD4D50DCEA9B475D0A48DD8F:/RCOM_CF_GPON_IVR servlet : CF_EndCallProcess-Dat_CallDisconnect
20/01/2016 17:39:33:688  INFO - 2BA7586EBD4D50DCEA9B475D0A48DD8F:/RCOM_CF_GPON_IVR : [condition1] Expression [VAR_GPON:isCallEndStart] Is False
20/01/2016 17:39:33:703  INFO - 2BA7586EBD4D50DCEA9B475D0A48DD8F:/RCOM_CF_GPON_IVR : Assigning [true] to [VAR_GPON:isCallEndStart]
20/01/2016 17:39:33:705  INFO - 2BA7586EBD4D50DCEA9B475D0A48DD8F:/RCOM_CF_GPON_IVR : Using SCESession 2BA7586EBD4D50DCEA9B475D0A48DD8F:/RCOM_CF_GPON_IVR servlet : CF_EndCallProcess-Ann_Thanks
20/01/2016 17:39:33:788  INFO - 2BA7586EBD4D50DCEA9B475D0A48DD8F:/RCOM_CF_GPON_IVR : Using SCESession 2BA7586EBD4D50DCEA9B475D0A48DD8F:/RCOM_CF_GPON_IVR servlet : CF_EndCallProcess-Disconnect
20/01/2016 17:39:33:858  INFO - 2BA7586EBD4D50DCEA9B475D0A48DD8F:/RCOM_CF_GPON_IVR : Using SCESession 2BA7586EBD4D50DCEA9B475D0A48DD8F:/RCOM_CF_GPON_IVR servlet : CF_EndCallProcess-Dat_endCallProcess
20/01/2016 17:39:33:985  INFO - 2BA7586EBD4D50DCEA9B475D0A48DD8F:/RCOM_CF_GPON_IVR : Capturing exception [java.lang.NullPointerException].  Message [null]
20/01/2016 17:39:34:033  INFO - 2BA7586EBD4D50DCEA9B475D0A48DD8F:/RCOM_CF_GPON_IVR : Using SCESession 2BA7586EBD4D50DCEA9B475D0A48DD8F:/RCOM_CF_GPON_IVR servlet : Ann_TechnicalIssue
20/01/2016 17:39:34:102  INFO - 2BA7586EBD4D50DCEA9B475D0A48DD8F:/RCOM_CF_GPON_IVR : Using SCESession 2BA7586EBD4D50DCEA9B475D0A48DD8F:/RCOM_CF_GPON_IVR servlet : Call_endCallProcess
20/01/2016 17:39:34:155  INFO - 2BA7586EBD4D50DCEA9B475D0A48DD8F:/RCOM_CF_GPON_IVR : Using SCESession 2BA7586EBD4D50DCEA9B475D0A48DD8F:/RCOM_CF_GPON_IVR servlet : CF_EndCallProcess-Begin
20/01/2016 17:39:34:207  INFO - 2BA7586EBD4D50DCEA9B475D0A48DD8F:/RCOM_CF_GPON_IVR : Using SCESession 2BA7586EBD4D50DCEA9B475D0A48DD8F:/RCOM_CF_GPON_IVR servlet : CF_EndCallProcess-Dat_CallDisconnect
20/01/2016 17:39:34:258  INFO - 2BA7586EBD4D50DCEA9B475D0A48DD8F:/RCOM_CF_GPON_IVR : [condition1] Expression [VAR_GPON:isCallEndStart] Is False
20/01/2016 17:39:34:266  INFO - 2BA7586EBD4D50DCEA9B475D0A48DD8F:/RCOM_CF_GPON_IVR : Using SCESession 2BA7586EBD4D50DCEA9B475D0A48DD8F:/RCOM_CF_GPON_IVR servlet : CF_EndCallProcess-returnSuc
20/01/2016 17:39:34:321 DEBUG - 2BA7586EBD4D50DCEA9B475D0A48DD8F:/RCOM_CF_GPON_IVR : Subflow return node "CF_EndCallProcess-returnSuc" forwarding to "End"
20/01/2016 17:39:34:325  INFO - 2BA7586EBD4D50DCEA9B475D0A48DD8F:/RCOM_CF_GPON_IVR : Using SCESession 2BA7586EBD4D50DCEA9B475D0A48DD8F:/RCOM_CF_GPON_IVR servlet : End
20/01/2016 18:00:13:266  INFO - 74EDFF465DCA9F94C72EED2A83439FD8:/RCOM_CF_GPON_IVR : SCESession bound to HttpSession 74EDFF465DCA9F94C72EED2A83439FD8
20/01/2016 18:00:13:267  INFO - 74EDFF465DCA9F94C72EED2A83439FD8:/RCOM_CF_GPON_IVR : Browser Version 2.1.4, terminationURL enabled : true
20/01/2016 18:00:13:273  INFO - 74EDFF465DCA9F94C72EED2A83439FD8:/RCOM_CF_GPON_IVR : Using SCESession 74EDFF465DCA9F94C72EED2A83439FD8:/RCOM_CF_GPON_IVR servlet : Start
20/01/2016 18:00:13:280  INFO - 74EDFF465DCA9F94C72EED2A83439FD8:/RCOM_CF_GPON_IVR : ** Pushed Stack Frame [/RCOM_CF_GPON_IVR]
20/01/2016 18:00:13:281 DEBUG - 74EDFF465DCA9F94C72EED2A83439FD8:/RCOM_CF_GPON_IVR : Not able to save posted variable information [call_classification]
20/01/2016 18:00:13:282  INFO - 74EDFF465DCA9F94C72EED2A83439FD8:/RCOM_CF_GPON_IVR : Storing :session___sessionid to complex: session:sessionid  as [sess793321]
20/01/2016 18:00:13:282  INFO - 74EDFF465DCA9F94C72EED2A83439FD8:/RCOM_CF_GPON_IVR : Storing :session___vpconverseondata to complex: session:vpconverseondata  as []
20/01/2016 18:00:13:889  INFO - 74EDFF465DCA9F94C72EED2A83439FD8:/RCOM_CF_GPON_IVR : runtime_platform : Desktop
20/01/2016 18:00:13:889  INFO - 74EDFF465DCA9F94C72EED2A83439FD8:/RCOM_CF_GPON_IVR : runtime_asr : Desktop Microsoft Speech SAPI
20/01/2016 18:00:13:896  INFO - 74EDFF465DCA9F94C72EED2A83439FD8:/RCOM_CF_GPON_IVR : MessageType is speech
20/01/2016 18:00:13:924  INFO - 74EDFF465DCA9F94C72EED2A83439FD8:/RCOM_CF_GPON_IVR : Using SCESession 74EDFF465DCA9F94C72EED2A83439FD8:/RCOM_CF_GPON_IVR servlet : Dat_initializaVariables
20/01/2016 18:00:13:928  INFO - 74EDFF465DCA9F94C72EED2A83439FD8:/RCOM_CF_GPON_IVR : Storing :_sipcallid to simple: _sipcallid  as [unknown]
20/01/2016 18:00:13:928  INFO - 74EDFF465DCA9F94C72EED2A83439FD8:/RCOM_CF_GPON_IVR : Storing :redirectinfo___presentationinfo to complex: redirectinfo:presentationinfo  as [undefined]
20/01/2016 18:00:13:928  INFO - 74EDFF465DCA9F94C72EED2A83439FD8:/RCOM_CF_GPON_IVR : Storing :redirectinfo___reason to complex: redirectinfo:reason  as [unknown]
20/01/2016 18:00:13:929  INFO - 74EDFF465DCA9F94C72EED2A83439FD8:/RCOM_CF_GPON_IVR : Storing :redirectinfo___screeninginfo to complex: redirectinfo:screeninginfo  as [undefined]
20/01/2016 18:00:13:929  INFO - 74EDFF465DCA9F94C72EED2A83439FD8:/RCOM_CF_GPON_IVR : Storing :redirectinfo___uri to complex: redirectinfo:uri  as [7520005907]
20/01/2016 18:00:13:929  INFO - 74EDFF465DCA9F94C72EED2A83439FD8:/RCOM_CF_GPON_IVR : Storing :session___aai to complex: session:aai  as []
20/01/2016 18:00:13:929  INFO - 74EDFF465DCA9F94C72EED2A83439FD8:/RCOM_CF_GPON_IVR : Storing :session___ani to complex: session:ani  as [7666888255]
20/01/2016 18:00:13:929  INFO - 74EDFF465DCA9F94C72EED2A83439FD8:/RCOM_CF_GPON_IVR : Storing :session___calltag to complex: session:calltag  as [unknown]
20/01/2016 18:00:13:929  INFO - 74EDFF465DCA9F94C72EED2A83439FD8:/RCOM_CF_GPON_IVR : Storing :session___channel to complex: session:channel  as [0]
20/01/2016 18:00:13:930  INFO - 74EDFF465DCA9F94C72EED2A83439FD8:/RCOM_CF_GPON_IVR : Storing :session___conversefirst to complex: session:conversefirst  as [unknown]
20/01/2016 18:00:13:930  INFO - 74EDFF465DCA9F94C72EED2A83439FD8:/RCOM_CF_GPON_IVR : Storing :session___conversesecond to complex: session:conversesecond  as [unknown]
20/01/2016 18:00:13:930  INFO - 74EDFF465DCA9F94C72EED2A83439FD8:/RCOM_CF_GPON_IVR : Storing :session___dnis to complex: session:dnis  as [7520005907]
20/01/2016 18:00:13:930  INFO - 74EDFF465DCA9F94C72EED2A83439FD8:/RCOM_CF_GPON_IVR : Storing :session___mediatype to complex: session:mediatype  as [unknown]
20/01/2016 18:00:13:930  INFO - 74EDFF465DCA9F94C72EED2A83439FD8:/RCOM_CF_GPON_IVR : Storing :session___protocolname to complex: session:protocolname  as [pots]
20/01/2016 18:00:13:930  INFO - 74EDFF465DCA9F94C72EED2A83439FD8:/RCOM_CF_GPON_IVR : Storing :session___protocolversion to complex: session:protocolversion  as [1]
20/01/2016 18:00:13:931  INFO - 74EDFF465DCA9F94C72EED2A83439FD8:/RCOM_CF_GPON_IVR : Storing :session___sessionlabel to complex: session:sessionlabel  as [undefined]
20/01/2016 18:00:13:931  INFO - 74EDFF465DCA9F94C72EED2A83439FD8:/RCOM_CF_GPON_IVR : Storing :session___sharedmode to complex: session:sharedmode  as [shared]
20/01/2016 18:00:13:931  INFO - 74EDFF465DCA9F94C72EED2A83439FD8:/RCOM_CF_GPON_IVR : Storing :session___ucid to complex: session:ucid  as [undefined]
20/01/2016 18:00:13:931  INFO - 74EDFF465DCA9F94C72EED2A83439FD8:/RCOM_CF_GPON_IVR : Storing :session___uui to complex: session:uui  as [unknown]
20/01/2016 18:00:13:931  INFO - 74EDFF465DCA9F94C72EED2A83439FD8:/RCOM_CF_GPON_IVR : Storing :session___videobitrate to complex: session:videobitrate  as [unknown]
20/01/2016 18:00:13:932  INFO - 74EDFF465DCA9F94C72EED2A83439FD8:/RCOM_CF_GPON_IVR : Storing :session___videocodec to complex: session:videocodec  as [unknown]
20/01/2016 18:00:13:932  INFO - 74EDFF465DCA9F94C72EED2A83439FD8:/RCOM_CF_GPON_IVR : Storing :session___videoenabled to complex: session:videoenabled  as [unknown]
20/01/2016 18:00:13:932  INFO - 74EDFF465DCA9F94C72EED2A83439FD8:/RCOM_CF_GPON_IVR : Storing :session___videofarfmtp to complex: session:videofarfmtp  as [unknown]
20/01/2016 18:00:13:932  INFO - 74EDFF465DCA9F94C72EED2A83439FD8:/RCOM_CF_GPON_IVR : Storing :session___videoformat to complex: session:videoformat  as [unknown]
20/01/2016 18:00:13:932  INFO - 74EDFF465DCA9F94C72EED2A83439FD8:/RCOM_CF_GPON_IVR : Storing :session___videofps to complex: session:videofps  as [unknown]
20/01/2016 18:00:13:933  INFO - 74EDFF465DCA9F94C72EED2A83439FD8:/RCOM_CF_GPON_IVR : Storing :session___videoheight to complex: session:videoheight  as [unknown]
20/01/2016 18:00:13:933  INFO - 74EDFF465DCA9F94C72EED2A83439FD8:/RCOM_CF_GPON_IVR : Storing :session___videonearfmtp to complex: session:videonearfmtp  as [unknown]
20/01/2016 18:00:13:933  INFO - 74EDFF465DCA9F94C72EED2A83439FD8:/RCOM_CF_GPON_IVR : Storing :session___videowidth to complex: session:videowidth  as [unknown]
20/01/2016 18:00:13:933  INFO - 74EDFF465DCA9F94C72EED2A83439FD8:/RCOM_CF_GPON_IVR : Storing :session___vpcalledextension to complex: session:vpcalledextension  as [unknown]
20/01/2016 18:00:13:933  INFO - 74EDFF465DCA9F94C72EED2A83439FD8:/RCOM_CF_GPON_IVR : Storing :session___vpcoveragereason to complex: session:vpcoveragereason  as [unknown]
20/01/2016 18:00:13:933  INFO - 74EDFF465DCA9F94C72EED2A83439FD8:/RCOM_CF_GPON_IVR : Storing :session___vpcoveragetype to complex: session:vpcoveragetype  as [unknown]
20/01/2016 18:00:13:934  INFO - 74EDFF465DCA9F94C72EED2A83439FD8:/RCOM_CF_GPON_IVR : Storing :session___vprdnis to complex: session:vprdnis  as [unknown]
20/01/2016 18:00:13:934  INFO - 74EDFF465DCA9F94C72EED2A83439FD8:/RCOM_CF_GPON_IVR : Storing :shareduui___id to complex: shareduui:id  as [unknown]
20/01/2016 18:00:13:934  INFO - 74EDFF465DCA9F94C72EED2A83439FD8:/RCOM_CF_GPON_IVR : Storing :shareduui___value to complex: shareduui:value  as [unknown]
20/01/2016 18:00:13:985 DEBUG - 74EDFF465DCA9F94C72EED2A83439FD8:/RCOM_CF_GPON_IVR : #Incoming ANI: 7666888255
20/01/2016 18:00:13:985 DEBUG - 74EDFF465DCA9F94C72EED2A83439FD8:/RCOM_CF_GPON_IVR : #Incoming DNIS: 7520005907
20/01/2016 18:00:13:985 DEBUG - 74EDFF465DCA9F94C72EED2A83439FD8:/RCOM_CF_GPON_IVR : # ProjectFilePath: null
20/01/2016 18:00:13:985 DEBUG - 74EDFF465DCA9F94C72EED2A83439FD8:/RCOM_CF_GPON_IVR : # IVRConfigFileName: null
20/01/2016 18:00:13:985 DEBUG - 74EDFF465DCA9F94C72EED2A83439FD8:/RCOM_CF_GPON_IVR : # IVRConfigFile Path: nullnull
20/01/2016 18:00:13:986 DEBUG - 74EDFF465DCA9F94C72EED2A83439FD8:/RCOM_CF_GPON_IVR : # MPP IP: 127.0.0.1
20/01/2016 18:00:13:986 DEBUG - 74EDFF465DCA9F94C72EED2A83439FD8:/RCOM_CF_GPON_IVR : # Total languages: 1
20/01/2016 18:00:13:986 DEBUG - 74EDFF465DCA9F94C72EED2A83439FD8:/RCOM_CF_GPON_IVR : # Copying language to OD session variable: 
20/01/2016 18:00:14:037  INFO - 74EDFF465DCA9F94C72EED2A83439FD8:/RCOM_CF_GPON_IVR : Capturing exception [java.lang.NullPointerException].  Message [null]
20/01/2016 18:00:14:075  INFO - 74EDFF465DCA9F94C72EED2A83439FD8:/RCOM_CF_GPON_IVR : Using SCESession 74EDFF465DCA9F94C72EED2A83439FD8:/RCOM_CF_GPON_IVR servlet : Ann_TechnicalIssue
20/01/2016 18:00:14:140  INFO - 74EDFF465DCA9F94C72EED2A83439FD8:/RCOM_CF_GPON_IVR : Using SCESession 74EDFF465DCA9F94C72EED2A83439FD8:/RCOM_CF_GPON_IVR servlet : Call_endCallProcess
20/01/2016 18:00:14:192  INFO - 74EDFF465DCA9F94C72EED2A83439FD8:/RCOM_CF_GPON_IVR : Using SCESession 74EDFF465DCA9F94C72EED2A83439FD8:/RCOM_CF_GPON_IVR servlet : CF_EndCallProcess-Begin
20/01/2016 18:00:14:243  INFO - 74EDFF465DCA9F94C72EED2A83439FD8:/RCOM_CF_GPON_IVR : Using SCESession 74EDFF465DCA9F94C72EED2A83439FD8:/RCOM_CF_GPON_IVR servlet : CF_EndCallProcess-Dat_CallDisconnect
20/01/2016 18:00:14:295  INFO - 74EDFF465DCA9F94C72EED2A83439FD8:/RCOM_CF_GPON_IVR : [condition1] Expression [VAR_GPON:isCallEndStart] Is False
20/01/2016 18:00:14:295  INFO - 74EDFF465DCA9F94C72EED2A83439FD8:/RCOM_CF_GPON_IVR : Assigning [true] to [VAR_GPON:isCallEndStart]
20/01/2016 18:00:14:296  INFO - 74EDFF465DCA9F94C72EED2A83439FD8:/RCOM_CF_GPON_IVR : Using SCESession 74EDFF465DCA9F94C72EED2A83439FD8:/RCOM_CF_GPON_IVR servlet : CF_EndCallProcess-Ann_Thanks
20/01/2016 18:00:14:364  INFO - 74EDFF465DCA9F94C72EED2A83439FD8:/RCOM_CF_GPON_IVR : Using SCESession 74EDFF465DCA9F94C72EED2A83439FD8:/RCOM_CF_GPON_IVR servlet : CF_EndCallProcess-Disconnect
20/01/2016 18:00:14:433  INFO - 74EDFF465DCA9F94C72EED2A83439FD8:/RCOM_CF_GPON_IVR : Using SCESession 74EDFF465DCA9F94C72EED2A83439FD8:/RCOM_CF_GPON_IVR servlet : CF_EndCallProcess-Dat_endCallProcess
20/01/2016 18:00:14:544  INFO - 74EDFF465DCA9F94C72EED2A83439FD8:/RCOM_CF_GPON_IVR : Capturing exception [java.lang.NullPointerException].  Message [null]
20/01/2016 18:00:14:564  INFO - 74EDFF465DCA9F94C72EED2A83439FD8:/RCOM_CF_GPON_IVR : Using SCESession 74EDFF465DCA9F94C72EED2A83439FD8:/RCOM_CF_GPON_IVR servlet : Ann_TechnicalIssue
20/01/2016 18:00:14:634  INFO - 74EDFF465DCA9F94C72EED2A83439FD8:/RCOM_CF_GPON_IVR : Using SCESession 74EDFF465DCA9F94C72EED2A83439FD8:/RCOM_CF_GPON_IVR servlet : Call_endCallProcess
20/01/2016 18:00:14:687  INFO - 74EDFF465DCA9F94C72EED2A83439FD8:/RCOM_CF_GPON_IVR : Using SCESession 74EDFF465DCA9F94C72EED2A83439FD8:/RCOM_CF_GPON_IVR servlet : CF_EndCallProcess-Begin
20/01/2016 18:00:14:738  INFO - 74EDFF465DCA9F94C72EED2A83439FD8:/RCOM_CF_GPON_IVR : Using SCESession 74EDFF465DCA9F94C72EED2A83439FD8:/RCOM_CF_GPON_IVR servlet : CF_EndCallProcess-Dat_CallDisconnect
20/01/2016 18:00:14:789  INFO - 74EDFF465DCA9F94C72EED2A83439FD8:/RCOM_CF_GPON_IVR : [condition1] Expression [VAR_GPON:isCallEndStart] Is False
20/01/2016 18:00:14:791  INFO - 74EDFF465DCA9F94C72EED2A83439FD8:/RCOM_CF_GPON_IVR : Using SCESession 74EDFF465DCA9F94C72EED2A83439FD8:/RCOM_CF_GPON_IVR servlet : CF_EndCallProcess-returnSuc
20/01/2016 18:00:14:843 DEBUG - 74EDFF465DCA9F94C72EED2A83439FD8:/RCOM_CF_GPON_IVR : Subflow return node "CF_EndCallProcess-returnSuc" forwarding to "End"
20/01/2016 18:00:14:844  INFO - 74EDFF465DCA9F94C72EED2A83439FD8:/RCOM_CF_GPON_IVR : Using SCESession 74EDFF465DCA9F94C72EED2A83439FD8:/RCOM_CF_GPON_IVR servlet : End
20/01/2016 18:00:20:314  INFO - 74EDFF465DCA9F94C72EED2A83439FD8:/RCOM_CF_GPON_IVR : HTTP Session lost removing SCESession 74EDFF465DCA9F94C72EED2A83439FD8
20/01/2016 18:00:20:315  INFO - 74EDFF465DCA9F94C72EED2A83439FD8:/RCOM_CF_GPON_IVR : SCESession Removed
20/01/2016 18:00:20:315 DEBUG - 74EDFF465DCA9F94C72EED2A83439FD8:/RCOM_CF_GPON_IVR : Removing 1 session stack frames.
20/01/2016 18:00:20:315  INFO - 74EDFF465DCA9F94C72EED2A83439FD8:/RCOM_CF_GPON_IVR : ** Popped Stack Frame [/RCOM_CF_GPON_IVR]
20/01/2016 18:02:51:444  INFO - F6276D496CB1FB08023E6699AD3873B1:/RCOM_CF_GPON_IVR : SCESession bound to HttpSession F6276D496CB1FB08023E6699AD3873B1
20/01/2016 18:02:51:448  INFO - F6276D496CB1FB08023E6699AD3873B1:/RCOM_CF_GPON_IVR : Browser Version 2.1.4, terminationURL enabled : true
20/01/2016 18:02:51:457  INFO - F6276D496CB1FB08023E6699AD3873B1:/RCOM_CF_GPON_IVR : Using SCESession F6276D496CB1FB08023E6699AD3873B1:/RCOM_CF_GPON_IVR servlet : Start
20/01/2016 18:02:51:529  INFO - F6276D496CB1FB08023E6699AD3873B1:/RCOM_CF_GPON_IVR : ** Pushed Stack Frame [/RCOM_CF_GPON_IVR]
20/01/2016 18:02:51:547 DEBUG - F6276D496CB1FB08023E6699AD3873B1:/RCOM_CF_GPON_IVR : Not able to save posted variable information [call_classification]
20/01/2016 18:02:51:548  INFO - F6276D496CB1FB08023E6699AD3873B1:/RCOM_CF_GPON_IVR : Storing :session___sessionid to complex: session:sessionid  as [sess6339399]
20/01/2016 18:02:51:548  INFO - F6276D496CB1FB08023E6699AD3873B1:/RCOM_CF_GPON_IVR : Storing :session___vpconverseondata to complex: session:vpconverseondata  as []
20/01/2016 18:02:52:177  INFO - F6276D496CB1FB08023E6699AD3873B1:/RCOM_CF_GPON_IVR : runtime_platform : Desktop
20/01/2016 18:02:52:178  INFO - F6276D496CB1FB08023E6699AD3873B1:/RCOM_CF_GPON_IVR : runtime_asr : Desktop Microsoft Speech SAPI
20/01/2016 18:02:52:184 DEBUG - F6276D496CB1FB08023E6699AD3873B1:/RCOM_CF_GPON_IVR : Acquiring initial License
20/01/2016 18:02:52:186  INFO - F6276D496CB1FB08023E6699AD3873B1:/RCOM_CF_GPON_IVR : Acquiring Desktop runtime license
20/01/2016 18:02:52:187  INFO - F6276D496CB1FB08023E6699AD3873B1:/RCOM_CF_GPON_IVR : Runtime :true
20/01/2016 18:02:52:187  INFO - F6276D496CB1FB08023E6699AD3873B1:/RCOM_CF_GPON_IVR : IC :true
20/01/2016 18:02:52:187  INFO - F6276D496CB1FB08023E6699AD3873B1:/RCOM_CF_GPON_IVR : CTI :true
20/01/2016 18:02:52:357 DEBUG - F6276D496CB1FB08023E6699AD3873B1:/RCOM_CF_GPON_IVR : Grace Period timer cleared
20/01/2016 18:02:52:361 DEBUG - F6276D496CB1FB08023E6699AD3873B1:/RCOM_CF_GPON_IVR : License refresh timer started
20/01/2016 18:02:52:367  INFO - F6276D496CB1FB08023E6699AD3873B1:/RCOM_CF_GPON_IVR : MessageType is speech
20/01/2016 18:02:52:393  INFO - F6276D496CB1FB08023E6699AD3873B1:/RCOM_CF_GPON_IVR : Using SCESession F6276D496CB1FB08023E6699AD3873B1:/RCOM_CF_GPON_IVR servlet : Dat_initializaVariables
20/01/2016 18:02:52:396  INFO - F6276D496CB1FB08023E6699AD3873B1:/RCOM_CF_GPON_IVR : Storing :_sipcallid to simple: _sipcallid  as [unknown]
20/01/2016 18:02:52:396  INFO - F6276D496CB1FB08023E6699AD3873B1:/RCOM_CF_GPON_IVR : Storing :redirectinfo___presentationinfo to complex: redirectinfo:presentationinfo  as [undefined]
20/01/2016 18:02:52:397  INFO - F6276D496CB1FB08023E6699AD3873B1:/RCOM_CF_GPON_IVR : Storing :redirectinfo___reason to complex: redirectinfo:reason  as [unknown]
20/01/2016 18:02:52:397  INFO - F6276D496CB1FB08023E6699AD3873B1:/RCOM_CF_GPON_IVR : Storing :redirectinfo___screeninginfo to complex: redirectinfo:screeninginfo  as [undefined]
20/01/2016 18:02:52:397  INFO - F6276D496CB1FB08023E6699AD3873B1:/RCOM_CF_GPON_IVR : Storing :redirectinfo___uri to complex: redirectinfo:uri  as [7520005907]
20/01/2016 18:02:52:397  INFO - F6276D496CB1FB08023E6699AD3873B1:/RCOM_CF_GPON_IVR : Storing :session___aai to complex: session:aai  as []
20/01/2016 18:02:52:398  INFO - F6276D496CB1FB08023E6699AD3873B1:/RCOM_CF_GPON_IVR : Storing :session___ani to complex: session:ani  as [7666888255]
20/01/2016 18:02:52:398  INFO - F6276D496CB1FB08023E6699AD3873B1:/RCOM_CF_GPON_IVR : Storing :session___calltag to complex: session:calltag  as [unknown]
20/01/2016 18:02:52:398  INFO - F6276D496CB1FB08023E6699AD3873B1:/RCOM_CF_GPON_IVR : Storing :session___channel to complex: session:channel  as [0]
20/01/2016 18:02:52:398  INFO - F6276D496CB1FB08023E6699AD3873B1:/RCOM_CF_GPON_IVR : Storing :session___conversefirst to complex: session:conversefirst  as [unknown]
20/01/2016 18:02:52:398  INFO - F6276D496CB1FB08023E6699AD3873B1:/RCOM_CF_GPON_IVR : Storing :session___conversesecond to complex: session:conversesecond  as [unknown]
20/01/2016 18:02:52:399  INFO - F6276D496CB1FB08023E6699AD3873B1:/RCOM_CF_GPON_IVR : Storing :session___dnis to complex: session:dnis  as [7520005907]
20/01/2016 18:02:52:399  INFO - F6276D496CB1FB08023E6699AD3873B1:/RCOM_CF_GPON_IVR : Storing :session___mediatype to complex: session:mediatype  as [unknown]
20/01/2016 18:02:52:400  INFO - F6276D496CB1FB08023E6699AD3873B1:/RCOM_CF_GPON_IVR : Storing :session___protocolname to complex: session:protocolname  as [pots]
20/01/2016 18:02:52:400  INFO - F6276D496CB1FB08023E6699AD3873B1:/RCOM_CF_GPON_IVR : Storing :session___protocolversion to complex: session:protocolversion  as [1]
20/01/2016 18:02:52:400  INFO - F6276D496CB1FB08023E6699AD3873B1:/RCOM_CF_GPON_IVR : Storing :session___sessionlabel to complex: session:sessionlabel  as [undefined]
20/01/2016 18:02:52:400  INFO - F6276D496CB1FB08023E6699AD3873B1:/RCOM_CF_GPON_IVR : Storing :session___sharedmode to complex: session:sharedmode  as [shared]
20/01/2016 18:02:52:401  INFO - F6276D496CB1FB08023E6699AD3873B1:/RCOM_CF_GPON_IVR : Storing :session___ucid to complex: session:ucid  as [undefined]
20/01/2016 18:02:52:401  INFO - F6276D496CB1FB08023E6699AD3873B1:/RCOM_CF_GPON_IVR : Storing :session___uui to complex: session:uui  as [unknown]
20/01/2016 18:02:52:402  INFO - F6276D496CB1FB08023E6699AD3873B1:/RCOM_CF_GPON_IVR : Storing :session___videobitrate to complex: session:videobitrate  as [unknown]
20/01/2016 18:02:52:402  INFO - F6276D496CB1FB08023E6699AD3873B1:/RCOM_CF_GPON_IVR : Storing :session___videocodec to complex: session:videocodec  as [unknown]
20/01/2016 18:02:52:402  INFO - F6276D496CB1FB08023E6699AD3873B1:/RCOM_CF_GPON_IVR : Storing :session___videoenabled to complex: session:videoenabled  as [unknown]
20/01/2016 18:02:52:402  INFO - F6276D496CB1FB08023E6699AD3873B1:/RCOM_CF_GPON_IVR : Storing :session___videofarfmtp to complex: session:videofarfmtp  as [unknown]
20/01/2016 18:02:52:402  INFO - F6276D496CB1FB08023E6699AD3873B1:/RCOM_CF_GPON_IVR : Storing :session___videoformat to complex: session:videoformat  as [unknown]
20/01/2016 18:02:52:403  INFO - F6276D496CB1FB08023E6699AD3873B1:/RCOM_CF_GPON_IVR : Storing :session___videofps to complex: session:videofps  as [unknown]
20/01/2016 18:02:52:403  INFO - F6276D496CB1FB08023E6699AD3873B1:/RCOM_CF_GPON_IVR : Storing :session___videoheight to complex: session:videoheight  as [unknown]
20/01/2016 18:02:52:403  INFO - F6276D496CB1FB08023E6699AD3873B1:/RCOM_CF_GPON_IVR : Storing :session___videonearfmtp to complex: session:videonearfmtp  as [unknown]
20/01/2016 18:02:52:403  INFO - F6276D496CB1FB08023E6699AD3873B1:/RCOM_CF_GPON_IVR : Storing :session___videowidth to complex: session:videowidth  as [unknown]
20/01/2016 18:02:52:404  INFO - F6276D496CB1FB08023E6699AD3873B1:/RCOM_CF_GPON_IVR : Storing :session___vpcalledextension to complex: session:vpcalledextension  as [unknown]
20/01/2016 18:02:52:404  INFO - F6276D496CB1FB08023E6699AD3873B1:/RCOM_CF_GPON_IVR : Storing :session___vpcoveragereason to complex: session:vpcoveragereason  as [unknown]
20/01/2016 18:02:52:405  INFO - F6276D496CB1FB08023E6699AD3873B1:/RCOM_CF_GPON_IVR : Storing :session___vpcoveragetype to complex: session:vpcoveragetype  as [unknown]
20/01/2016 18:02:52:405  INFO - F6276D496CB1FB08023E6699AD3873B1:/RCOM_CF_GPON_IVR : Storing :session___vprdnis to complex: session:vprdnis  as [unknown]
20/01/2016 18:02:52:405  INFO - F6276D496CB1FB08023E6699AD3873B1:/RCOM_CF_GPON_IVR : Storing :shareduui___id to complex: shareduui:id  as [unknown]
20/01/2016 18:02:52:405  INFO - F6276D496CB1FB08023E6699AD3873B1:/RCOM_CF_GPON_IVR : Storing :shareduui___value to complex: shareduui:value  as [unknown]
20/01/2016 18:02:52:463 DEBUG - F6276D496CB1FB08023E6699AD3873B1:/RCOM_CF_GPON_IVR : #Incoming ANI: 7666888255
20/01/2016 18:02:52:464 DEBUG - F6276D496CB1FB08023E6699AD3873B1:/RCOM_CF_GPON_IVR : #Incoming DNIS: 7520005907
20/01/2016 18:02:52:464 DEBUG - F6276D496CB1FB08023E6699AD3873B1:/RCOM_CF_GPON_IVR : # ProjectFilePath: C:\RCOM\OtherFlows\RCOM_CF_GPON\config\
20/01/2016 18:02:52:464 DEBUG - F6276D496CB1FB08023E6699AD3873B1:/RCOM_CF_GPON_IVR : # IVRConfigFileName: IVR_CONFIG.properties
20/01/2016 18:02:52:464 DEBUG - F6276D496CB1FB08023E6699AD3873B1:/RCOM_CF_GPON_IVR : # IVRConfigFile Path: C:\RCOM\OtherFlows\RCOM_CF_GPON\config\IVR_CONFIG.properties
20/01/2016 18:02:52:471 DEBUG - F6276D496CB1FB08023E6699AD3873B1:/RCOM_CF_GPON_IVR : # MPP IP: 127.0.0.1
20/01/2016 18:02:52:473 DEBUG - F6276D496CB1FB08023E6699AD3873B1:/RCOM_CF_GPON_IVR : # Config Values: max_no_input- 2, max_no_match-2, max_invalid_retry-2, time_out_second-2
20/01/2016 18:02:52:473 DEBUG - F6276D496CB1FB08023E6699AD3873B1:/RCOM_CF_GPON_IVR : # rcom_static_phrasepath: http://10.184.226.111:8080/RCOM_PHRASES/RCOM_GPON_IVR_PHRASES/
20/01/2016 18:02:52:473 DEBUG - F6276D496CB1FB08023E6699AD3873B1:/RCOM_CF_GPON_IVR : #Application Name :RCOM_CF_GPON_IVR
20/01/2016 18:02:52:474 DEBUG - F6276D496CB1FB08023E6699AD3873B1:/RCOM_CF_GPON_IVR : #Application Name from OD Vat :RCOM_CF_GPON_IVR
20/01/2016 18:02:52:480 DEBUG - F6276D496CB1FB08023E6699AD3873B1:/RCOM_CF_GPON_IVR : Session ID :F6276D496CB1FB08023E6699AD3873B1:/RCOM_CF_GPON_IVR
20/01/2016 18:02:52:495  INFO - F6276D496CB1FB08023E6699AD3873B1:/RCOM_CF_GPON_IVR : /*** Call Info Reporting is started ***/
20/01/2016 18:02:54:696 DEBUG - F6276D496CB1FB08023E6699AD3873B1:/RCOM_CF_GPON_IVR : # Total languages: 1
20/01/2016 18:02:54:696 DEBUG - F6276D496CB1FB08023E6699AD3873B1:/RCOM_CF_GPON_IVR : # Copying language to OD session variable: 
20/01/2016 18:02:54:756  INFO - F6276D496CB1FB08023E6699AD3873B1:/RCOM_CF_GPON_IVR : Capturing exception [java.lang.ExceptionInInitializerError].  Message [null]
20/01/2016 18:02:54:807  INFO - F6276D496CB1FB08023E6699AD3873B1:/RCOM_CF_GPON_IVR : Using SCESession F6276D496CB1FB08023E6699AD3873B1:/RCOM_CF_GPON_IVR servlet : Ann_TechnicalIssue
20/01/2016 18:02:54:910  INFO - F6276D496CB1FB08023E6699AD3873B1:/RCOM_CF_GPON_IVR : Using SCESession F6276D496CB1FB08023E6699AD3873B1:/RCOM_CF_GPON_IVR servlet : Call_endCallProcess
20/01/2016 18:02:54:975  INFO - F6276D496CB1FB08023E6699AD3873B1:/RCOM_CF_GPON_IVR : Using SCESession F6276D496CB1FB08023E6699AD3873B1:/RCOM_CF_GPON_IVR servlet : CF_EndCallProcess-Begin
20/01/2016 18:02:55:033  INFO - F6276D496CB1FB08023E6699AD3873B1:/RCOM_CF_GPON_IVR : Using SCESession F6276D496CB1FB08023E6699AD3873B1:/RCOM_CF_GPON_IVR servlet : CF_EndCallProcess-Dat_CallDisconnect
20/01/2016 18:02:55:095  INFO - F6276D496CB1FB08023E6699AD3873B1:/RCOM_CF_GPON_IVR : [condition1] Expression [VAR_GPON:isCallEndStart] Is False
20/01/2016 18:02:55:103  INFO - F6276D496CB1FB08023E6699AD3873B1:/RCOM_CF_GPON_IVR : Assigning [true] to [VAR_GPON:isCallEndStart]
20/01/2016 18:02:55:106  INFO - F6276D496CB1FB08023E6699AD3873B1:/RCOM_CF_GPON_IVR : Using SCESession F6276D496CB1FB08023E6699AD3873B1:/RCOM_CF_GPON_IVR servlet : CF_EndCallProcess-Ann_Thanks
20/01/2016 18:02:55:176  INFO - F6276D496CB1FB08023E6699AD3873B1:/RCOM_CF_GPON_IVR : Using SCESession F6276D496CB1FB08023E6699AD3873B1:/RCOM_CF_GPON_IVR servlet : CF_EndCallProcess-Disconnect
20/01/2016 18:02:55:257  INFO - F6276D496CB1FB08023E6699AD3873B1:/RCOM_CF_GPON_IVR : Using SCESession F6276D496CB1FB08023E6699AD3873B1:/RCOM_CF_GPON_IVR servlet : CF_EndCallProcess-Dat_endCallProcess
20/01/2016 18:02:55:309  INFO - F6276D496CB1FB08023E6699AD3873B1:/RCOM_CF_GPON_IVR : Cricle ID :NA
20/01/2016 18:02:55:310  INFO - F6276D496CB1FB08023E6699AD3873B1:/RCOM_CF_GPON_IVR : Language :
20/01/2016 18:02:56:562 DEBUG - F6276D496CB1FB08023E6699AD3873B1:/RCOM_CF_GPON_IVR : Report XML:<?xml version="1.0" encoding="utf-16" standalone="yes"?>
<IVRREPORTDATA>
    <CALLINFO>
        <UNIQUECALLID>undefined</UNIQUECALLID>
        <SESSIONID>F6276D496CB1FB08023E6699AD3873B1:/RCOM_CF_GPON_IVR</SESSIONID>
        <VXMLIP>ANISHS3/16.168.243.75</VXMLIP>
        <APP_NAME>RCOM_CF_GPON_IVR</APP_NAME>
        <HUB>MU</HUB>
        <DNIS>7520005907</DNIS>
        <DNISTYPE>NA</DNISTYPE>
        <STARTDATETIME>20/01/2016 18:02:52</STARTDATETIME>
        <ENDDATETIME>20/01/2016 18:02:55</ENDDATETIME>
        <CLI>7666888255</CLI>
        <CATEGORY>NA</CATEGORY>
        <CIRCLEID>NA</CIRCLEID>
        <LANGCODE></LANGCODE>
        <TRANSTOIVR>NA</TRANSTOIVR>
        <CALLER_TYPE>NA</CALLER_TYPE>
        <AGENT_ID>NA</AGENT_ID>
        <AGENT_EXTN>NA</AGENT_EXTN>
        <TRANSCODE>NA</TRANSCODE>
        <TRANSFERVDN>NA</TRANSFERVDN>
        <SKILLNAME>NA</SKILLNAME>
        <UUIDATA>NA</UUIDATA>
        <ABANDONED_FLAG>NA</ABANDONED_FLAG>
        <MENUPATH></MENUPATH>
        <CALLERPATH></CALLERPATH>
        <DTMFPATH></DTMFPATH>
        <LANGUAGE_FROM>NA</LANGUAGE_FROM>
        <LANGUAGE_TO>NA</LANGUAGE_TO>
        <ENERGY_TAGGING>NA</ENERGY_TAGGING>
        <LASTNODEACCESSED></LASTNODEACCESSED>
        <DISPOSITION>NA</DISPOSITION>
        <LASTMENUACCESSED></LASTMENUACCESSED>
        <HOW_CALL_ENDED>DISCONNECT</HOW_CALL_ENDED>
        <CALL_END_REASON>IVR_DISCONNECT</CALL_END_REASON>
        <ERR_REASON>NA</ERR_REASON>
    </CALLINFO>
    <MENUDETAILS/>
    <ANNOUNCE_DETAILS/>
    <HOSTDETAILS/>
</IVRREPORTDATA>

20/01/2016 18:02:56:564  INFO - F6276D496CB1FB08023E6699AD3873B1:/RCOM_CF_GPON_IVR : Using SCESession F6276D496CB1FB08023E6699AD3873B1:/RCOM_CF_GPON_IVR servlet : CF_EndCallProcess-returnSuc
20/01/2016 18:02:56:618 DEBUG - F6276D496CB1FB08023E6699AD3873B1:/RCOM_CF_GPON_IVR : Subflow return node "CF_EndCallProcess-returnSuc" forwarding to "End"
20/01/2016 18:02:56:620  INFO - F6276D496CB1FB08023E6699AD3873B1:/RCOM_CF_GPON_IVR : Using SCESession F6276D496CB1FB08023E6699AD3873B1:/RCOM_CF_GPON_IVR servlet : End
20/01/2016 18:10:43:882  INFO - A0F8DB68AA6C68C20195F3502231E1E5:/RCOM_CF_GPON_IVR : SCESession bound to HttpSession A0F8DB68AA6C68C20195F3502231E1E5
20/01/2016 18:10:43:883  INFO - A0F8DB68AA6C68C20195F3502231E1E5:/RCOM_CF_GPON_IVR : Browser Version 2.1.4, terminationURL enabled : true
20/01/2016 18:10:43:891  INFO - A0F8DB68AA6C68C20195F3502231E1E5:/RCOM_CF_GPON_IVR : Using SCESession A0F8DB68AA6C68C20195F3502231E1E5:/RCOM_CF_GPON_IVR servlet : Start
20/01/2016 18:10:43:901  INFO - A0F8DB68AA6C68C20195F3502231E1E5:/RCOM_CF_GPON_IVR : ** Pushed Stack Frame [/RCOM_CF_GPON_IVR]
20/01/2016 18:10:43:902 DEBUG - A0F8DB68AA6C68C20195F3502231E1E5:/RCOM_CF_GPON_IVR : Not able to save posted variable information [call_classification]
20/01/2016 18:10:43:902  INFO - A0F8DB68AA6C68C20195F3502231E1E5:/RCOM_CF_GPON_IVR : Storing :session___sessionid to complex: session:sessionid  as [sess6383126]
20/01/2016 18:10:43:902  INFO - A0F8DB68AA6C68C20195F3502231E1E5:/RCOM_CF_GPON_IVR : Storing :session___vpconverseondata to complex: session:vpconverseondata  as []
20/01/2016 18:10:44:521  INFO - A0F8DB68AA6C68C20195F3502231E1E5:/RCOM_CF_GPON_IVR : runtime_platform : Desktop
20/01/2016 18:10:44:521  INFO - A0F8DB68AA6C68C20195F3502231E1E5:/RCOM_CF_GPON_IVR : runtime_asr : Desktop Microsoft Speech SAPI
20/01/2016 18:10:44:527  INFO - A0F8DB68AA6C68C20195F3502231E1E5:/RCOM_CF_GPON_IVR : MessageType is speech
20/01/2016 18:10:44:563  INFO - A0F8DB68AA6C68C20195F3502231E1E5:/RCOM_CF_GPON_IVR : Using SCESession A0F8DB68AA6C68C20195F3502231E1E5:/RCOM_CF_GPON_IVR servlet : Dat_initializaVariables
20/01/2016 18:10:44:564  INFO - A0F8DB68AA6C68C20195F3502231E1E5:/RCOM_CF_GPON_IVR : Storing :_sipcallid to simple: _sipcallid  as [unknown]
20/01/2016 18:10:44:565  INFO - A0F8DB68AA6C68C20195F3502231E1E5:/RCOM_CF_GPON_IVR : Storing :redirectinfo___presentationinfo to complex: redirectinfo:presentationinfo  as [undefined]
20/01/2016 18:10:44:565  INFO - A0F8DB68AA6C68C20195F3502231E1E5:/RCOM_CF_GPON_IVR : Storing :redirectinfo___reason to complex: redirectinfo:reason  as [unknown]
20/01/2016 18:10:44:565  INFO - A0F8DB68AA6C68C20195F3502231E1E5:/RCOM_CF_GPON_IVR : Storing :redirectinfo___screeninginfo to complex: redirectinfo:screeninginfo  as [undefined]
20/01/2016 18:10:44:565  INFO - A0F8DB68AA6C68C20195F3502231E1E5:/RCOM_CF_GPON_IVR : Storing :redirectinfo___uri to complex: redirectinfo:uri  as [7520005907]
20/01/2016 18:10:44:565  INFO - A0F8DB68AA6C68C20195F3502231E1E5:/RCOM_CF_GPON_IVR : Storing :session___aai to complex: session:aai  as []
20/01/2016 18:10:44:566  INFO - A0F8DB68AA6C68C20195F3502231E1E5:/RCOM_CF_GPON_IVR : Storing :session___ani to complex: session:ani  as [7666888255]
20/01/2016 18:10:44:566  INFO - A0F8DB68AA6C68C20195F3502231E1E5:/RCOM_CF_GPON_IVR : Storing :session___calltag to complex: session:calltag  as [unknown]
20/01/2016 18:10:44:566  INFO - A0F8DB68AA6C68C20195F3502231E1E5:/RCOM_CF_GPON_IVR : Storing :session___channel to complex: session:channel  as [0]
20/01/2016 18:10:44:566  INFO - A0F8DB68AA6C68C20195F3502231E1E5:/RCOM_CF_GPON_IVR : Storing :session___conversefirst to complex: session:conversefirst  as [unknown]
20/01/2016 18:10:44:566  INFO - A0F8DB68AA6C68C20195F3502231E1E5:/RCOM_CF_GPON_IVR : Storing :session___conversesecond to complex: session:conversesecond  as [unknown]
20/01/2016 18:10:44:567  INFO - A0F8DB68AA6C68C20195F3502231E1E5:/RCOM_CF_GPON_IVR : Storing :session___dnis to complex: session:dnis  as [7520005907]
20/01/2016 18:10:44:567  INFO - A0F8DB68AA6C68C20195F3502231E1E5:/RCOM_CF_GPON_IVR : Storing :session___mediatype to complex: session:mediatype  as [unknown]
20/01/2016 18:10:44:568  INFO - A0F8DB68AA6C68C20195F3502231E1E5:/RCOM_CF_GPON_IVR : Storing :session___protocolname to complex: session:protocolname  as [pots]
20/01/2016 18:10:44:569  INFO - A0F8DB68AA6C68C20195F3502231E1E5:/RCOM_CF_GPON_IVR : Storing :session___protocolversion to complex: session:protocolversion  as [1]
20/01/2016 18:10:44:569  INFO - A0F8DB68AA6C68C20195F3502231E1E5:/RCOM_CF_GPON_IVR : Storing :session___sessionlabel to complex: session:sessionlabel  as [undefined]
20/01/2016 18:10:44:569  INFO - A0F8DB68AA6C68C20195F3502231E1E5:/RCOM_CF_GPON_IVR : Storing :session___sharedmode to complex: session:sharedmode  as [shared]
20/01/2016 18:10:44:570  INFO - A0F8DB68AA6C68C20195F3502231E1E5:/RCOM_CF_GPON_IVR : Storing :session___ucid to complex: session:ucid  as [undefined]
20/01/2016 18:10:44:570  INFO - A0F8DB68AA6C68C20195F3502231E1E5:/RCOM_CF_GPON_IVR : Storing :session___uui to complex: session:uui  as [unknown]
20/01/2016 18:10:44:570  INFO - A0F8DB68AA6C68C20195F3502231E1E5:/RCOM_CF_GPON_IVR : Storing :session___videobitrate to complex: session:videobitrate  as [unknown]
20/01/2016 18:10:44:570  INFO - A0F8DB68AA6C68C20195F3502231E1E5:/RCOM_CF_GPON_IVR : Storing :session___videocodec to complex: session:videocodec  as [unknown]
20/01/2016 18:10:44:570  INFO - A0F8DB68AA6C68C20195F3502231E1E5:/RCOM_CF_GPON_IVR : Storing :session___videoenabled to complex: session:videoenabled  as [unknown]
20/01/2016 18:10:44:570  INFO - A0F8DB68AA6C68C20195F3502231E1E5:/RCOM_CF_GPON_IVR : Storing :session___videofarfmtp to complex: session:videofarfmtp  as [unknown]
20/01/2016 18:10:44:570  INFO - A0F8DB68AA6C68C20195F3502231E1E5:/RCOM_CF_GPON_IVR : Storing :session___videoformat to complex: session:videoformat  as [unknown]
20/01/2016 18:10:44:570  INFO - A0F8DB68AA6C68C20195F3502231E1E5:/RCOM_CF_GPON_IVR : Storing :session___videofps to complex: session:videofps  as [unknown]
20/01/2016 18:10:44:571  INFO - A0F8DB68AA6C68C20195F3502231E1E5:/RCOM_CF_GPON_IVR : Storing :session___videoheight to complex: session:videoheight  as [unknown]
20/01/2016 18:10:44:571  INFO - A0F8DB68AA6C68C20195F3502231E1E5:/RCOM_CF_GPON_IVR : Storing :session___videonearfmtp to complex: session:videonearfmtp  as [unknown]
20/01/2016 18:10:44:571  INFO - A0F8DB68AA6C68C20195F3502231E1E5:/RCOM_CF_GPON_IVR : Storing :session___videowidth to complex: session:videowidth  as [unknown]
20/01/2016 18:10:44:571  INFO - A0F8DB68AA6C68C20195F3502231E1E5:/RCOM_CF_GPON_IVR : Storing :session___vpcalledextension to complex: session:vpcalledextension  as [unknown]
20/01/2016 18:10:44:571  INFO - A0F8DB68AA6C68C20195F3502231E1E5:/RCOM_CF_GPON_IVR : Storing :session___vpcoveragereason to complex: session:vpcoveragereason  as [unknown]
20/01/2016 18:10:44:572  INFO - A0F8DB68AA6C68C20195F3502231E1E5:/RCOM_CF_GPON_IVR : Storing :session___vpcoveragetype to complex: session:vpcoveragetype  as [unknown]
20/01/2016 18:10:44:572  INFO - A0F8DB68AA6C68C20195F3502231E1E5:/RCOM_CF_GPON_IVR : Storing :session___vprdnis to complex: session:vprdnis  as [unknown]
20/01/2016 18:10:44:572  INFO - A0F8DB68AA6C68C20195F3502231E1E5:/RCOM_CF_GPON_IVR : Storing :shareduui___id to complex: shareduui:id  as [unknown]
20/01/2016 18:10:44:572  INFO - A0F8DB68AA6C68C20195F3502231E1E5:/RCOM_CF_GPON_IVR : Storing :shareduui___value to complex: shareduui:value  as [unknown]
20/01/2016 18:10:44:623 DEBUG - A0F8DB68AA6C68C20195F3502231E1E5:/RCOM_CF_GPON_IVR : #Incoming ANI: 7666888255
20/01/2016 18:10:44:623 DEBUG - A0F8DB68AA6C68C20195F3502231E1E5:/RCOM_CF_GPON_IVR : #Incoming DNIS: 7520005907
20/01/2016 18:10:44:624 DEBUG - A0F8DB68AA6C68C20195F3502231E1E5:/RCOM_CF_GPON_IVR : # ProjectFilePath: C:\RCOM\OtherFlows\RCOM_CF_GPON\config\
20/01/2016 18:10:44:624 DEBUG - A0F8DB68AA6C68C20195F3502231E1E5:/RCOM_CF_GPON_IVR : # IVRConfigFileName: IVR_CONFIG.properties
20/01/2016 18:10:44:624 DEBUG - A0F8DB68AA6C68C20195F3502231E1E5:/RCOM_CF_GPON_IVR : # IVRConfigFile Path: C:\RCOM\OtherFlows\RCOM_CF_GPON\config\IVR_CONFIG.properties
20/01/2016 18:10:44:624 DEBUG - A0F8DB68AA6C68C20195F3502231E1E5:/RCOM_CF_GPON_IVR : # MPP IP: 127.0.0.1
20/01/2016 18:10:44:625 DEBUG - A0F8DB68AA6C68C20195F3502231E1E5:/RCOM_CF_GPON_IVR : # Config Values: max_no_input- 2, max_no_match-2, max_invalid_retry-2, time_out_second-2
20/01/2016 18:10:44:625 DEBUG - A0F8DB68AA6C68C20195F3502231E1E5:/RCOM_CF_GPON_IVR : # rcom_static_phrasepath: http://10.184.226.111:8080/RCOM_PHRASES/RCOM_GPON_IVR_PHRASES/
20/01/2016 18:10:44:626 DEBUG - A0F8DB68AA6C68C20195F3502231E1E5:/RCOM_CF_GPON_IVR : #Application Name :RCOM_CF_GPON_IVR
20/01/2016 18:10:44:626 DEBUG - A0F8DB68AA6C68C20195F3502231E1E5:/RCOM_CF_GPON_IVR : #Application Name from OD Vat :RCOM_CF_GPON_IVR
20/01/2016 18:10:44:626 DEBUG - A0F8DB68AA6C68C20195F3502231E1E5:/RCOM_CF_GPON_IVR : Session ID :A0F8DB68AA6C68C20195F3502231E1E5:/RCOM_CF_GPON_IVR
20/01/2016 18:10:44:626  INFO - A0F8DB68AA6C68C20195F3502231E1E5:/RCOM_CF_GPON_IVR : /*** Call Info Reporting is started ***/
20/01/2016 18:10:44:630 DEBUG - A0F8DB68AA6C68C20195F3502231E1E5:/RCOM_CF_GPON_IVR : # Total languages: 1
20/01/2016 18:10:44:630 DEBUG - A0F8DB68AA6C68C20195F3502231E1E5:/RCOM_CF_GPON_IVR : # Copying language to OD session variable: 
20/01/2016 18:10:44:685  INFO - A0F8DB68AA6C68C20195F3502231E1E5:/RCOM_CF_GPON_IVR : Capturing exception [java.lang.NoClassDefFoundError].  Message [Could not initialize class com.rcom.otherflows.resource.IVRDBServiceInstance]
20/01/2016 18:10:44:700  INFO - A0F8DB68AA6C68C20195F3502231E1E5:/RCOM_CF_GPON_IVR : Using SCESession A0F8DB68AA6C68C20195F3502231E1E5:/RCOM_CF_GPON_IVR servlet : Ann_TechnicalIssue
20/01/2016 18:10:44:771  INFO - A0F8DB68AA6C68C20195F3502231E1E5:/RCOM_CF_GPON_IVR : Using SCESession A0F8DB68AA6C68C20195F3502231E1E5:/RCOM_CF_GPON_IVR servlet : Call_endCallProcess
20/01/2016 18:10:44:823  INFO - A0F8DB68AA6C68C20195F3502231E1E5:/RCOM_CF_GPON_IVR : Using SCESession A0F8DB68AA6C68C20195F3502231E1E5:/RCOM_CF_GPON_IVR servlet : CF_EndCallProcess-Begin
20/01/2016 18:10:44:875  INFO - A0F8DB68AA6C68C20195F3502231E1E5:/RCOM_CF_GPON_IVR : Using SCESession A0F8DB68AA6C68C20195F3502231E1E5:/RCOM_CF_GPON_IVR servlet : CF_EndCallProcess-Dat_CallDisconnect
20/01/2016 18:10:44:926  INFO - A0F8DB68AA6C68C20195F3502231E1E5:/RCOM_CF_GPON_IVR : [condition1] Expression [VAR_GPON:isCallEndStart] Is False
20/01/2016 18:10:44:927  INFO - A0F8DB68AA6C68C20195F3502231E1E5:/RCOM_CF_GPON_IVR : Assigning [true] to [VAR_GPON:isCallEndStart]
20/01/2016 18:10:44:927  INFO - A0F8DB68AA6C68C20195F3502231E1E5:/RCOM_CF_GPON_IVR : Using SCESession A0F8DB68AA6C68C20195F3502231E1E5:/RCOM_CF_GPON_IVR servlet : CF_EndCallProcess-Ann_Thanks
20/01/2016 18:10:45:003  INFO - A0F8DB68AA6C68C20195F3502231E1E5:/RCOM_CF_GPON_IVR : Using SCESession A0F8DB68AA6C68C20195F3502231E1E5:/RCOM_CF_GPON_IVR servlet : CF_EndCallProcess-Disconnect
20/01/2016 18:10:45:066  INFO - A0F8DB68AA6C68C20195F3502231E1E5:/RCOM_CF_GPON_IVR : Using SCESession A0F8DB68AA6C68C20195F3502231E1E5:/RCOM_CF_GPON_IVR servlet : CF_EndCallProcess-Dat_endCallProcess
20/01/2016 18:10:45:119  INFO - A0F8DB68AA6C68C20195F3502231E1E5:/RCOM_CF_GPON_IVR : Cricle ID :NA
20/01/2016 18:10:45:119  INFO - A0F8DB68AA6C68C20195F3502231E1E5:/RCOM_CF_GPON_IVR : Language :
20/01/2016 18:10:45:448 DEBUG - A0F8DB68AA6C68C20195F3502231E1E5:/RCOM_CF_GPON_IVR : Report XML:<?xml version="1.0" encoding="utf-16" standalone="yes"?>
<IVRREPORTDATA>
    <CALLINFO>
        <UNIQUECALLID>undefined</UNIQUECALLID>
        <SESSIONID>A0F8DB68AA6C68C20195F3502231E1E5:/RCOM_CF_GPON_IVR</SESSIONID>
        <VXMLIP>ANISHS3/16.168.243.75</VXMLIP>
        <APP_NAME>RCOM_CF_GPON_IVR</APP_NAME>
        <HUB>MU</HUB>
        <DNIS>7520005907</DNIS>
        <DNISTYPE>NA</DNISTYPE>
        <STARTDATETIME>20/01/2016 18:10:44</STARTDATETIME>
        <ENDDATETIME>20/01/2016 18:10:45</ENDDATETIME>
        <CLI>7666888255</CLI>
        <CATEGORY>NA</CATEGORY>
        <CIRCLEID>NA</CIRCLEID>
        <LANGCODE></LANGCODE>
        <TRANSTOIVR>NA</TRANSTOIVR>
        <CALLER_TYPE>NA</CALLER_TYPE>
        <AGENT_ID>NA</AGENT_ID>
        <AGENT_EXTN>NA</AGENT_EXTN>
        <TRANSCODE>NA</TRANSCODE>
        <TRANSFERVDN>NA</TRANSFERVDN>
        <SKILLNAME>NA</SKILLNAME>
        <UUIDATA>NA</UUIDATA>
        <ABANDONED_FLAG>NA</ABANDONED_FLAG>
        <MENUPATH></MENUPATH>
        <CALLERPATH></CALLERPATH>
        <DTMFPATH></DTMFPATH>
        <LANGUAGE_FROM>NA</LANGUAGE_FROM>
        <LANGUAGE_TO>NA</LANGUAGE_TO>
        <ENERGY_TAGGING>NA</ENERGY_TAGGING>
        <LASTNODEACCESSED></LASTNODEACCESSED>
        <DISPOSITION>NA</DISPOSITION>
        <LASTMENUACCESSED></LASTMENUACCESSED>
        <HOW_CALL_ENDED>DISCONNECT</HOW_CALL_ENDED>
        <CALL_END_REASON>IVR_DISCONNECT</CALL_END_REASON>
        <ERR_REASON>NA</ERR_REASON>
    </CALLINFO>
    <MENUDETAILS/>
    <ANNOUNCE_DETAILS/>
    <HOSTDETAILS/>
</IVRREPORTDATA>

20/01/2016 18:10:45:448  INFO - A0F8DB68AA6C68C20195F3502231E1E5:/RCOM_CF_GPON_IVR : Using SCESession A0F8DB68AA6C68C20195F3502231E1E5:/RCOM_CF_GPON_IVR servlet : CF_EndCallProcess-returnSuc
20/01/2016 18:10:45:500 DEBUG - A0F8DB68AA6C68C20195F3502231E1E5:/RCOM_CF_GPON_IVR : Subflow return node "CF_EndCallProcess-returnSuc" forwarding to "End"
20/01/2016 18:10:45:500  INFO - A0F8DB68AA6C68C20195F3502231E1E5:/RCOM_CF_GPON_IVR : Using SCESession A0F8DB68AA6C68C20195F3502231E1E5:/RCOM_CF_GPON_IVR servlet : End
20/01/2016 18:12:03:858  INFO - F6276D496CB1FB08023E6699AD3873B1:/RCOM_CF_GPON_IVR : HTTP Session lost removing SCESession F6276D496CB1FB08023E6699AD3873B1
20/01/2016 18:12:03:858  INFO - F6276D496CB1FB08023E6699AD3873B1:/RCOM_CF_GPON_IVR : SCESession Removed
20/01/2016 18:12:03:858 DEBUG - F6276D496CB1FB08023E6699AD3873B1:/RCOM_CF_GPON_IVR : Removing 1 session stack frames.
20/01/2016 18:12:03:859  INFO - F6276D496CB1FB08023E6699AD3873B1:/RCOM_CF_GPON_IVR : ** Popped Stack Frame [/RCOM_CF_GPON_IVR]
