08/06/2015 18:08:22:702  INFO - In Progress | session id:mpp-2015159123044-15 | DM:ReportEnd | Welcome_PP | Return Code | Output_Parameters:returncode |  | 10000004581433766644
08/06/2015 18:08:22:705  INFO - End | session id:mpp-2015159123044-15 | DM:ReportEnd | Welcome_PP |  |  |  | 10000004581433766644
08/06/2015 18:08:29:864  INFO - In Progress | session id:mpp-2015159123044-15 | DM:ReportEnd | LanguageSelection_MN | Return Code | Output_Parameters:returncode | SUCCESS | 10000004581433766644
08/06/2015 18:08:29:865  INFO - In Progress | session id:mpp-2015159123044-15 | DM:ReportEnd | LanguageSelection_MN | Input Type | Output_Parameters:inputType | dtmf | 10000004581433766644
08/06/2015 18:08:29:865  INFO - In Progress | session id:mpp-2015159123044-15 | DM:ReportEnd | LanguageSelection_MN | Value | Output_Parameters:value | Marathi | 10000004581433766644
08/06/2015 18:08:29:865  INFO - End | session id:mpp-2015159123044-15 | DM:ReportEnd | LanguageSelection_MN |  |  |  | 10000004581433766644
08/06/2015 18:09:02:699  INFO - In Progress | session id:mpp-2015159123044-15 | DM:ReportEnd | MainMenu_MN | Return Code | Output_Parameters:returncode | SUCCESS | 10000004581433766644
08/06/2015 18:09:02:699  INFO - In Progress | session id:mpp-2015159123044-15 | DM:ReportEnd | MainMenu_MN | Input Type | Output_Parameters:inputType | dtmf | 10000004581433766644
08/06/2015 18:09:02:699  INFO - In Progress | session id:mpp-2015159123044-15 | DM:ReportEnd | MainMenu_MN | Value | Output_Parameters:value | SmartCardNumber | 10000004581433766644
08/06/2015 18:09:02:699  INFO - End | session id:mpp-2015159123044-15 | DM:ReportEnd | MainMenu_MN |  |  |  | 10000004581433766644
08/06/2015 18:09:11:024  INFO - In Progress | session id:mpp-2015159123044-15 | DM:ReportEnd | SmartCardNumber_MN | Return Code | Output_Parameters:returncode | SUCCESS | 10000004581433766644
08/06/2015 18:09:11:024  INFO - In Progress | session id:mpp-2015159123044-15 | DM:ReportEnd | SmartCardNumber_MN | Input Type | Output_Parameters:inputType | dtmf | 10000004581433766644
08/06/2015 18:09:11:024  INFO - In Progress | session id:mpp-2015159123044-15 | DM:ReportEnd | SmartCardNumber_MN | Value | Output_Parameters:value | 123456123456 | 10000004581433766644
08/06/2015 18:09:11:024  INFO - End | session id:mpp-2015159123044-15 | DM:ReportEnd | SmartCardNumber_MN |  |  |  | 10000004581433766644
08/06/2015 18:09:12:124  INFO - In Progress | session id:mpp-2015159123044-15 | DM:ReportEnd | ConfirmSmartCardNumber_MN | Return Code | Output_Parameters:returncode | SUCCESS | 10000004581433766644
08/06/2015 18:09:12:124  INFO - In Progress | session id:mpp-2015159123044-15 | DM:ReportEnd | ConfirmSmartCardNumber_MN | Input Type | Output_Parameters:inputType | dtmf | 10000004581433766644
08/06/2015 18:09:12:124  INFO - In Progress | session id:mpp-2015159123044-15 | DM:ReportEnd | ConfirmSmartCardNumber_MN | Value | Output_Parameters:value | Confirm | 10000004581433766644
08/06/2015 18:09:12:124  INFO - End | session id:mpp-2015159123044-15 | DM:ReportEnd | ConfirmSmartCardNumber_MN |  |  |  | 10000004581433766644
08/06/2015 18:09:21:653  INFO - In Progress | session id:mpp-2015159123044-15 | DM:ReportEnd | GetCashCardNo_MN | Return Code | Output_Parameters:returncode | SUCCESS | 10000004581433766644
08/06/2015 18:09:21:653  INFO - In Progress | session id:mpp-2015159123044-15 | DM:ReportEnd | GetCashCardNo_MN | Input Type | Output_Parameters:inputType | dtmf | 10000004581433766644
08/06/2015 18:09:21:653  INFO - In Progress | session id:mpp-2015159123044-15 | DM:ReportEnd | GetCashCardNo_MN | Value | Output_Parameters:value | 123456123456 | 10000004581433766644
08/06/2015 18:09:21:653  INFO - End | session id:mpp-2015159123044-15 | DM:ReportEnd | GetCashCardNo_MN |  |  |  | 10000004581433766644
08/06/2015 18:09:22:982  INFO - In Progress | session id:mpp-2015159123044-15 | DM:ReportEnd | ConfirmCashCardNo_MN | Return Code | Output_Parameters:returncode | SUCCESS | 10000004581433766644
08/06/2015 18:09:22:982  INFO - In Progress | session id:mpp-2015159123044-15 | DM:ReportEnd | ConfirmCashCardNo_MN | Input Type | Output_Parameters:inputType | dtmf | 10000004581433766644
08/06/2015 18:09:22:982  INFO - In Progress | session id:mpp-2015159123044-15 | DM:ReportEnd | ConfirmCashCardNo_MN | Value | Output_Parameters:value | Confirm | 10000004581433766644
08/06/2015 18:09:22:982  INFO - End | session id:mpp-2015159123044-15 | DM:ReportEnd | ConfirmCashCardNo_MN |  |  |  | 10000004581433766644
08/06/2015 18:09:24:267  INFO - In Progress | session id:mpp-2015159123044-15 | DM:ReportEnd | LinkDown_PP | Return Code | Output_Parameters:returncode |  | 10000004581433766644
08/06/2015 18:09:24:267  INFO - End | session id:mpp-2015159123044-15 | DM:ReportEnd | LinkDown_PP |  |  |  | 10000004581433766644
08/06/2015 18:09:24:398  INFO - In Progress | session id:mpp-2015159123044-15 | DM:ReportEnd | Transfer_Agent_PP | Return Code | Output_Parameters:returncode |  | 10000004581433766644
08/06/2015 18:09:24:398  INFO - End | session id:mpp-2015159123044-15 | DM:ReportEnd | Transfer_Agent_PP |  |  |  | 10000004581433766644
08/06/2015 18:10:22:079  INFO - In Progress | session id:mpp-2015159123244-20 | DM:ReportEnd | Welcome_PP | Return Code | Output_Parameters:returncode |  | 10000004591433766764
08/06/2015 18:10:22:080  INFO - End | session id:mpp-2015159123244-20 | DM:ReportEnd | Welcome_PP |  |  |  | 10000004591433766764
08/06/2015 18:10:37:602  INFO - In Progress | session id:mpp-2015159123244-20 | DM:ReportEnd | LanguageSelection_MN | Return Code | Output_Parameters:returncode | SUCCESS | 10000004591433766764
08/06/2015 18:10:37:602  INFO - In Progress | session id:mpp-2015159123244-20 | DM:ReportEnd | LanguageSelection_MN | Input Type | Output_Parameters:inputType | dtmf | 10000004591433766764
08/06/2015 18:10:37:602  INFO - In Progress | session id:mpp-2015159123244-20 | DM:ReportEnd | LanguageSelection_MN | Value | Output_Parameters:value | Marathi | 10000004591433766764
08/06/2015 18:10:37:602  INFO - End | session id:mpp-2015159123244-20 | DM:ReportEnd | LanguageSelection_MN |  |  |  | 10000004591433766764
08/06/2015 18:19:02:491  INFO - In Progress | session id:mpp-2015159124124-10 | DM:ReportEnd | Welcome_PP | Return Code | Output_Parameters:returncode |  | 10000004601433767284
08/06/2015 18:19:02:491  INFO - End | session id:mpp-2015159124124-10 | DM:ReportEnd | Welcome_PP |  |  |  | 10000004601433767284
08/06/2015 18:19:04:169  INFO - In Progress | session id:mpp-2015159124124-10 | DM:ReportEnd | LanguageSelection_MN | Return Code | Output_Parameters:returncode | SUCCESS | 10000004601433767284
08/06/2015 18:19:04:169  INFO - In Progress | session id:mpp-2015159124124-10 | DM:ReportEnd | LanguageSelection_MN | Input Type | Output_Parameters:inputType | dtmf | 10000004601433767284
08/06/2015 18:19:04:169  INFO - In Progress | session id:mpp-2015159124124-10 | DM:ReportEnd | LanguageSelection_MN | Value | Output_Parameters:value | Marathi | 10000004601433767284
08/06/2015 18:19:04:169  INFO - End | session id:mpp-2015159124124-10 | DM:ReportEnd | LanguageSelection_MN |  |  |  | 10000004601433767284
08/06/2015 18:19:09:820  INFO - In Progress | session id:mpp-2015159124124-10 | DM:ReportEnd | MainMenu_MN | Return Code | Output_Parameters:returncode | SUCCESS | 10000004601433767284
08/06/2015 18:19:09:821  INFO - In Progress | session id:mpp-2015159124124-10 | DM:ReportEnd | MainMenu_MN | Input Type | Output_Parameters:inputType | dtmf | 10000004601433767284
08/06/2015 18:19:09:821  INFO - In Progress | session id:mpp-2015159124124-10 | DM:ReportEnd | MainMenu_MN | Value | Output_Parameters:value | SmartCardNumber | 10000004601433767284
08/06/2015 18:19:09:821  INFO - End | session id:mpp-2015159124124-10 | DM:ReportEnd | MainMenu_MN |  |  |  | 10000004601433767284
08/06/2015 18:19:17:649  INFO - In Progress | session id:mpp-2015159124124-10 | DM:ReportEnd | SmartCardNumber_MN | Return Code | Output_Parameters:returncode | SUCCESS | 10000004601433767284
08/06/2015 18:19:17:649  INFO - In Progress | session id:mpp-2015159124124-10 | DM:ReportEnd | SmartCardNumber_MN | Input Type | Output_Parameters:inputType | dtmf | 10000004601433767284
08/06/2015 18:19:17:650  INFO - In Progress | session id:mpp-2015159124124-10 | DM:ReportEnd | SmartCardNumber_MN | Value | Output_Parameters:value | 123456123456 | 10000004601433767284
08/06/2015 18:19:17:650  INFO - End | session id:mpp-2015159124124-10 | DM:ReportEnd | SmartCardNumber_MN |  |  |  | 10000004601433767284
08/06/2015 18:19:18:806  INFO - In Progress | session id:mpp-2015159124124-10 | DM:ReportEnd | ConfirmSmartCardNumber_MN | Return Code | Output_Parameters:returncode | SUCCESS | 10000004601433767284
08/06/2015 18:19:18:806  INFO - In Progress | session id:mpp-2015159124124-10 | DM:ReportEnd | ConfirmSmartCardNumber_MN | Input Type | Output_Parameters:inputType | dtmf | 10000004601433767284
08/06/2015 18:19:18:806  INFO - In Progress | session id:mpp-2015159124124-10 | DM:ReportEnd | ConfirmSmartCardNumber_MN | Value | Output_Parameters:value | Confirm | 10000004601433767284
08/06/2015 18:19:18:806  INFO - End | session id:mpp-2015159124124-10 | DM:ReportEnd | ConfirmSmartCardNumber_MN |  |  |  | 10000004601433767284
08/06/2015 18:19:30:217  INFO - In Progress | session id:mpp-2015159124124-10 | DM:ReportEnd | GetCashCardNo_MN | Return Code | Output_Parameters:returncode | SUCCESS | 10000004601433767284
08/06/2015 18:19:30:217  INFO - In Progress | session id:mpp-2015159124124-10 | DM:ReportEnd | GetCashCardNo_MN | Input Type | Output_Parameters:inputType | dtmf | 10000004601433767284
08/06/2015 18:19:30:217  INFO - In Progress | session id:mpp-2015159124124-10 | DM:ReportEnd | GetCashCardNo_MN | Value | Output_Parameters:value | 123456123456 | 10000004601433767284
08/06/2015 18:19:30:217  INFO - End | session id:mpp-2015159124124-10 | DM:ReportEnd | GetCashCardNo_MN |  |  |  | 10000004601433767284
08/06/2015 18:19:33:865  INFO - In Progress | session id:mpp-2015159124124-10 | DM:ReportEnd | ConfirmCashCardNo_MN | Return Code | Output_Parameters:returncode | SUCCESS | 10000004601433767284
08/06/2015 18:19:33:865  INFO - In Progress | session id:mpp-2015159124124-10 | DM:ReportEnd | ConfirmCashCardNo_MN | Input Type | Output_Parameters:inputType | dtmf | 10000004601433767284
08/06/2015 18:19:33:865  INFO - In Progress | session id:mpp-2015159124124-10 | DM:ReportEnd | ConfirmCashCardNo_MN | Value | Output_Parameters:value | Confirm | 10000004601433767284
08/06/2015 18:19:33:865  INFO - End | session id:mpp-2015159124124-10 | DM:ReportEnd | ConfirmCashCardNo_MN |  |  |  | 10000004601433767284
08/06/2015 18:19:35:016  INFO - In Progress | session id:mpp-2015159124124-10 | DM:ReportEnd | LinkDown_PP | Return Code | Output_Parameters:returncode |  | 10000004601433767284
08/06/2015 18:19:35:016  INFO - End | session id:mpp-2015159124124-10 | DM:ReportEnd | LinkDown_PP |  |  |  | 10000004601433767284
08/06/2015 18:19:35:118  INFO - In Progress | session id:mpp-2015159124124-10 | DM:ReportEnd | Transfer_Agent_PP | Return Code | Output_Parameters:returncode |  | 10000004601433767284
08/06/2015 18:19:35:118  INFO - End | session id:mpp-2015159124124-10 | DM:ReportEnd | Transfer_Agent_PP |  |  |  | 10000004601433767284
08/06/2015 18:29:00:229  INFO - In Progress | session id:mpp-2015159125122-11 | DM:ReportEnd | Welcome_PP | Return Code | Output_Parameters:returncode |  | 10000004621433767882
08/06/2015 18:29:00:229  INFO - End | session id:mpp-2015159125122-11 | DM:ReportEnd | Welcome_PP |  |  |  | 10000004621433767882
08/06/2015 18:29:01:354  INFO - In Progress | session id:mpp-2015159125122-11 | DM:ReportEnd | LanguageSelection_MN | Return Code | Output_Parameters:returncode | SUCCESS | 10000004621433767882
08/06/2015 18:29:01:354  INFO - In Progress | session id:mpp-2015159125122-11 | DM:ReportEnd | LanguageSelection_MN | Input Type | Output_Parameters:inputType | dtmf | 10000004621433767882
08/06/2015 18:29:01:354  INFO - In Progress | session id:mpp-2015159125122-11 | DM:ReportEnd | LanguageSelection_MN | Value | Output_Parameters:value | Marathi | 10000004621433767882
08/06/2015 18:29:01:354  INFO - End | session id:mpp-2015159125122-11 | DM:ReportEnd | LanguageSelection_MN |  |  |  | 10000004621433767882
08/06/2015 18:29:04:071  INFO - In Progress | session id:mpp-2015159125122-11 | DM:ReportEnd | MainMenu_MN | Return Code | Output_Parameters:returncode | SUCCESS | 10000004621433767882
08/06/2015 18:29:04:071  INFO - In Progress | session id:mpp-2015159125122-11 | DM:ReportEnd | MainMenu_MN | Input Type | Output_Parameters:inputType | dtmf | 10000004621433767882
08/06/2015 18:29:04:071  INFO - In Progress | session id:mpp-2015159125122-11 | DM:ReportEnd | MainMenu_MN | Value | Output_Parameters:value | SmartCardNumber | 10000004621433767882
08/06/2015 18:29:04:072  INFO - End | session id:mpp-2015159125122-11 | DM:ReportEnd | MainMenu_MN |  |  |  | 10000004621433767882
08/06/2015 18:29:13:400  INFO - In Progress | session id:mpp-2015159125122-11 | DM:ReportEnd | SmartCardNumber_MN | Return Code | Output_Parameters:returncode | SUCCESS | 10000004621433767882
08/06/2015 18:29:13:400  INFO - In Progress | session id:mpp-2015159125122-11 | DM:ReportEnd | SmartCardNumber_MN | Input Type | Output_Parameters:inputType | dtmf | 10000004621433767882
08/06/2015 18:29:13:400  INFO - In Progress | session id:mpp-2015159125122-11 | DM:ReportEnd | SmartCardNumber_MN | Value | Output_Parameters:value | 123456123456 | 10000004621433767882
08/06/2015 18:29:13:400  INFO - End | session id:mpp-2015159125122-11 | DM:ReportEnd | SmartCardNumber_MN |  |  |  | 10000004621433767882
08/06/2015 18:29:14:832  INFO - In Progress | session id:mpp-2015159125122-11 | DM:ReportEnd | ConfirmSmartCardNumber_MN | Return Code | Output_Parameters:returncode | SUCCESS | 10000004621433767882
08/06/2015 18:29:14:832  INFO - In Progress | session id:mpp-2015159125122-11 | DM:ReportEnd | ConfirmSmartCardNumber_MN | Input Type | Output_Parameters:inputType | dtmf | 10000004621433767882
08/06/2015 18:29:14:832  INFO - In Progress | session id:mpp-2015159125122-11 | DM:ReportEnd | ConfirmSmartCardNumber_MN | Value | Output_Parameters:value | Confirm | 10000004621433767882
08/06/2015 18:29:14:832  INFO - End | session id:mpp-2015159125122-11 | DM:ReportEnd | ConfirmSmartCardNumber_MN |  |  |  | 10000004621433767882
08/06/2015 18:29:23:770  INFO - In Progress | session id:mpp-2015159125122-11 | DM:ReportEnd | GetCashCardNo_MN | Return Code | Output_Parameters:returncode | SUCCESS | 10000004621433767882
08/06/2015 18:29:23:770  INFO - In Progress | session id:mpp-2015159125122-11 | DM:ReportEnd | GetCashCardNo_MN | Input Type | Output_Parameters:inputType | dtmf | 10000004621433767882
08/06/2015 18:29:23:770  INFO - In Progress | session id:mpp-2015159125122-11 | DM:ReportEnd | GetCashCardNo_MN | Value | Output_Parameters:value | 123456123456 | 10000004621433767882
08/06/2015 18:29:23:771  INFO - End | session id:mpp-2015159125122-11 | DM:ReportEnd | GetCashCardNo_MN |  |  |  | 10000004621433767882
08/06/2015 18:29:24:798  INFO - In Progress | session id:mpp-2015159125122-11 | DM:ReportEnd | ConfirmCashCardNo_MN | Return Code | Output_Parameters:returncode | SUCCESS | 10000004621433767882
08/06/2015 18:29:24:798  INFO - In Progress | session id:mpp-2015159125122-11 | DM:ReportEnd | ConfirmCashCardNo_MN | Input Type | Output_Parameters:inputType | dtmf | 10000004621433767882
08/06/2015 18:29:24:798  INFO - In Progress | session id:mpp-2015159125122-11 | DM:ReportEnd | ConfirmCashCardNo_MN | Value | Output_Parameters:value | Confirm | 10000004621433767882
08/06/2015 18:29:24:798  INFO - End | session id:mpp-2015159125122-11 | DM:ReportEnd | ConfirmCashCardNo_MN |  |  |  | 10000004621433767882
08/06/2015 18:29:26:165  INFO - In Progress | session id:mpp-2015159125122-11 | DM:ReportEnd | LinkDown_PP | Return Code | Output_Parameters:returncode |  | 10000004621433767882
08/06/2015 18:29:26:165  INFO - End | session id:mpp-2015159125122-11 | DM:ReportEnd | LinkDown_PP |  |  |  | 10000004621433767882
08/06/2015 18:29:26:269  INFO - In Progress | session id:mpp-2015159125122-11 | DM:ReportEnd | Transfer_Agent_PP | Return Code | Output_Parameters:returncode |  | 10000004621433767882
08/06/2015 18:29:26:269  INFO - End | session id:mpp-2015159125122-11 | DM:ReportEnd | Transfer_Agent_PP |  |  |  | 10000004621433767882
08/06/2015 18:30:46:404  INFO - In Progress | session id:mpp-2015159125308-17 | DM:ReportEnd | Welcome_PP | Return Code | Output_Parameters:returncode |  | 10000004631433767988
08/06/2015 18:30:46:404  INFO - End | session id:mpp-2015159125308-17 | DM:ReportEnd | Welcome_PP |  |  |  | 10000004631433767988
08/06/2015 18:30:47:495  INFO - In Progress | session id:mpp-2015159125308-17 | DM:ReportEnd | LanguageSelection_MN | Return Code | Output_Parameters:returncode | SUCCESS | 10000004631433767988
08/06/2015 18:30:47:496  INFO - In Progress | session id:mpp-2015159125308-17 | DM:ReportEnd | LanguageSelection_MN | Input Type | Output_Parameters:inputType | dtmf | 10000004631433767988
08/06/2015 18:30:47:496  INFO - In Progress | session id:mpp-2015159125308-17 | DM:ReportEnd | LanguageSelection_MN | Value | Output_Parameters:value | Marathi | 10000004631433767988
08/06/2015 18:30:47:496  INFO - End | session id:mpp-2015159125308-17 | DM:ReportEnd | LanguageSelection_MN |  |  |  | 10000004631433767988
08/06/2015 18:30:49:875  INFO - In Progress | session id:mpp-2015159125308-17 | DM:ReportEnd | MainMenu_MN | Return Code | Output_Parameters:returncode | SUCCESS | 10000004631433767988
08/06/2015 18:30:49:875  INFO - In Progress | session id:mpp-2015159125308-17 | DM:ReportEnd | MainMenu_MN | Input Type | Output_Parameters:inputType | dtmf | 10000004631433767988
08/06/2015 18:30:49:875  INFO - In Progress | session id:mpp-2015159125308-17 | DM:ReportEnd | MainMenu_MN | Value | Output_Parameters:value | SmartCardNumber | 10000004631433767988
08/06/2015 18:30:49:875  INFO - End | session id:mpp-2015159125308-17 | DM:ReportEnd | MainMenu_MN |  |  |  | 10000004631433767988
08/06/2015 18:30:57:592  INFO - In Progress | session id:mpp-2015159125308-17 | DM:ReportEnd | SmartCardNumber_MN | Return Code | Output_Parameters:returncode | SUCCESS | 10000004631433767988
08/06/2015 18:30:57:593  INFO - In Progress | session id:mpp-2015159125308-17 | DM:ReportEnd | SmartCardNumber_MN | Input Type | Output_Parameters:inputType | dtmf | 10000004631433767988
08/06/2015 18:30:57:593  INFO - In Progress | session id:mpp-2015159125308-17 | DM:ReportEnd | SmartCardNumber_MN | Value | Output_Parameters:value | 123456123456 | 10000004631433767988
08/06/2015 18:30:57:593  INFO - End | session id:mpp-2015159125308-17 | DM:ReportEnd | SmartCardNumber_MN |  |  |  | 10000004631433767988
08/06/2015 18:30:58:949  INFO - In Progress | session id:mpp-2015159125308-17 | DM:ReportEnd | ConfirmSmartCardNumber_MN | Return Code | Output_Parameters:returncode | SUCCESS | 10000004631433767988
08/06/2015 18:30:58:949  INFO - In Progress | session id:mpp-2015159125308-17 | DM:ReportEnd | ConfirmSmartCardNumber_MN | Input Type | Output_Parameters:inputType | dtmf | 10000004631433767988
08/06/2015 18:30:58:949  INFO - In Progress | session id:mpp-2015159125308-17 | DM:ReportEnd | ConfirmSmartCardNumber_MN | Value | Output_Parameters:value | Confirm | 10000004631433767988
08/06/2015 18:30:58:949  INFO - End | session id:mpp-2015159125308-17 | DM:ReportEnd | ConfirmSmartCardNumber_MN |  |  |  | 10000004631433767988
08/06/2015 18:31:08:560  INFO - In Progress | session id:mpp-2015159125308-17 | DM:ReportEnd | GetCashCardNo_MN | Return Code | Output_Parameters:returncode | SUCCESS | 10000004631433767988
08/06/2015 18:31:08:560  INFO - In Progress | session id:mpp-2015159125308-17 | DM:ReportEnd | GetCashCardNo_MN | Input Type | Output_Parameters:inputType | dtmf | 10000004631433767988
08/06/2015 18:31:08:560  INFO - In Progress | session id:mpp-2015159125308-17 | DM:ReportEnd | GetCashCardNo_MN | Value | Output_Parameters:value | 123456123456 | 10000004631433767988
08/06/2015 18:31:08:560  INFO - End | session id:mpp-2015159125308-17 | DM:ReportEnd | GetCashCardNo_MN |  |  |  | 10000004631433767988
08/06/2015 18:31:10:085  INFO - In Progress | session id:mpp-2015159125308-17 | DM:ReportEnd | ConfirmCashCardNo_MN | Return Code | Output_Parameters:returncode | SUCCESS | 10000004631433767988
08/06/2015 18:31:10:086  INFO - In Progress | session id:mpp-2015159125308-17 | DM:ReportEnd | ConfirmCashCardNo_MN | Input Type | Output_Parameters:inputType | dtmf | 10000004631433767988
08/06/2015 18:31:10:086  INFO - In Progress | session id:mpp-2015159125308-17 | DM:ReportEnd | ConfirmCashCardNo_MN | Value | Output_Parameters:value | Confirm | 10000004631433767988
08/06/2015 18:31:10:086  INFO - End | session id:mpp-2015159125308-17 | DM:ReportEnd | ConfirmCashCardNo_MN |  |  |  | 10000004631433767988
08/06/2015 18:31:10:577  INFO - In Progress | session id:mpp-2015159125308-17 | DM:ReportEnd | BalanceAnnc | Return Code | Output_Parameters:returncode |  | 10000004631433767988
08/06/2015 18:31:10:578  INFO - End | session id:mpp-2015159125308-17 | DM:ReportEnd | BalanceAnnc |  |  |  | 10000004631433767988
08/06/2015 18:31:26:942  INFO - In Progress | session id:mpp-2015159125308-17 | DM:ReportEnd | GlobalPromptFeatureLevel_MN | Return Code | Output_Parameters:returncode | SUCCESS | 10000004631433767988
08/06/2015 18:31:26:942  INFO - In Progress | session id:mpp-2015159125308-17 | DM:ReportEnd | GlobalPromptFeatureLevel_MN | Input Type | Output_Parameters:inputType | dtmf | 10000004631433767988
08/06/2015 18:31:26:942  INFO - In Progress | session id:mpp-2015159125308-17 | DM:ReportEnd | GlobalPromptFeatureLevel_MN | Value | Output_Parameters:value | Repeat | 10000004631433767988
08/06/2015 18:31:26:942  INFO - End | session id:mpp-2015159125308-17 | DM:ReportEnd | GlobalPromptFeatureLevel_MN |  |  |  | 10000004631433767988
08/06/2015 18:31:27:106  INFO - In Progress | session id:mpp-2015159125308-17 | DM:ReportEnd | BalanceAnnc | Return Code | Output_Parameters:returncode |  | 10000004631433767988
08/06/2015 18:31:27:106  INFO - End | session id:mpp-2015159125308-17 | DM:ReportEnd | BalanceAnnc |  |  |  | 10000004631433767988
08/06/2015 19:16:31:409  INFO - In Progress | session id:mpp-2015159133852-8 | DM:ReportEnd | Welcome_PP | Return Code | Output_Parameters:returncode |  | 10000004711433770732
08/06/2015 19:16:31:409  INFO - End | session id:mpp-2015159133852-8 | DM:ReportEnd | Welcome_PP |  |  |  | 10000004711433770732
08/06/2015 19:16:40:200  INFO - In Progress | session id:mpp-2015159133852-8 | DM:ReportEnd | LanguageSelection_MN | Return Code | Output_Parameters:returncode | SUCCESS | 10000004711433770732
08/06/2015 19:16:40:200  INFO - In Progress | session id:mpp-2015159133852-8 | DM:ReportEnd | LanguageSelection_MN | Input Type | Output_Parameters:inputType | dtmf | 10000004711433770732
08/06/2015 19:16:40:200  INFO - In Progress | session id:mpp-2015159133852-8 | DM:ReportEnd | LanguageSelection_MN | Value | Output_Parameters:value | Hindi | 10000004711433770732
08/06/2015 19:16:40:200  INFO - End | session id:mpp-2015159133852-8 | DM:ReportEnd | LanguageSelection_MN |  |  |  | 10000004711433770732
08/06/2015 19:16:50:934  INFO - In Progress | session id:mpp-2015159133852-8 | DM:ReportEnd | MainMenu_MN | Return Code | Output_Parameters:returncode | SUCCESS | 10000004711433770732
08/06/2015 19:16:50:934  INFO - In Progress | session id:mpp-2015159133852-8 | DM:ReportEnd | MainMenu_MN | Input Type | Output_Parameters:inputType | dtmf | 10000004711433770732
08/06/2015 19:16:50:934  INFO - In Progress | session id:mpp-2015159133852-8 | DM:ReportEnd | MainMenu_MN | Value | Output_Parameters:value | AccountBalance | 10000004711433770732
08/06/2015 19:16:50:934  INFO - End | session id:mpp-2015159133852-8 | DM:ReportEnd | MainMenu_MN |  |  |  | 10000004711433770732
08/06/2015 19:17:01:357  INFO - In Progress | session id:mpp-2015159133852-8 | DM:ReportEnd | SmartCardNumber_MN | Return Code | Output_Parameters:returncode | SUCCESS | 10000004711433770732
08/06/2015 19:17:01:357  INFO - In Progress | session id:mpp-2015159133852-8 | DM:ReportEnd | SmartCardNumber_MN | Input Type | Output_Parameters:inputType | dtmf | 10000004711433770732
08/06/2015 19:17:01:357  INFO - In Progress | session id:mpp-2015159133852-8 | DM:ReportEnd | SmartCardNumber_MN | Value | Output_Parameters:value | 123456123456 | 10000004711433770732
08/06/2015 19:17:01:357  INFO - End | session id:mpp-2015159133852-8 | DM:ReportEnd | SmartCardNumber_MN |  |  |  | 10000004711433770732
08/06/2015 19:17:02:591  INFO - In Progress | session id:mpp-2015159133852-8 | DM:ReportEnd | ConfirmSmartCardNumber_MN | Return Code | Output_Parameters:returncode | SUCCESS | 10000004711433770732
08/06/2015 19:17:02:591  INFO - In Progress | session id:mpp-2015159133852-8 | DM:ReportEnd | ConfirmSmartCardNumber_MN | Input Type | Output_Parameters:inputType | dtmf | 10000004711433770732
08/06/2015 19:17:02:591  INFO - In Progress | session id:mpp-2015159133852-8 | DM:ReportEnd | ConfirmSmartCardNumber_MN | Value | Output_Parameters:value | Confirm | 10000004711433770732
08/06/2015 19:17:02:591  INFO - End | session id:mpp-2015159133852-8 | DM:ReportEnd | ConfirmSmartCardNumber_MN |  |  |  | 10000004711433770732
08/06/2015 19:17:03:668  INFO - In Progress | session id:mpp-2015159133852-8 | DM:ReportEnd | BalanceAmt_PP | Return Code | Output_Parameters:returncode |  | 10000004711433770732
08/06/2015 19:17:03:668  INFO - End | session id:mpp-2015159133852-8 | DM:ReportEnd | BalanceAmt_PP |  |  |  | 10000004711433770732
