13/05/2015 11:25:54:876  INFO - In Progress | session id:mpp-2015133054832-8 | DM:ReportEnd | WelcomeAnnc | Return Code | Output_Parameters:returncode |  | 10000007111431496112
13/05/2015 11:25:54:878  INFO - End | session id:mpp-2015133054832-8 | DM:ReportEnd | WelcomeAnnc |  |  |  | 10000007111431496112
13/05/2015 11:26:10:136  INFO - In Progress | session id:mpp-2015133054832-8 | DM:ReportEnd | GetPINNumber | Return Code | Output_Parameters:returncode | SUCCESS | 10000007111431496112
13/05/2015 11:26:10:137  INFO - In Progress | session id:mpp-2015133054832-8 | DM:ReportEnd | GetPINNumber | Input Type | Output_Parameters:inputType | dtmf | 10000007111431496112
13/05/2015 11:26:10:137  INFO - In Progress | session id:mpp-2015133054832-8 | DM:ReportEnd | GetPINNumber | Value | Output_Parameters:value | 1234567890 | 10000007111431496112
13/05/2015 11:26:10:138  INFO - End | session id:mpp-2015133054832-8 | DM:ReportEnd | GetPINNumber |  |  |  | 10000007111431496112
13/05/2015 11:26:10:306  INFO - In Progress | session id:mpp-2015133054832-8 | DM:ReportEnd | NotAuthorizedAnnc | Return Code | Output_Parameters:returncode |  | 10000007111431496112
13/05/2015 11:26:10:306  INFO - End | session id:mpp-2015133054832-8 | DM:ReportEnd | NotAuthorizedAnnc |  |  |  | 10000007111431496112
13/05/2015 11:26:24:686  INFO - In Progress | session id:mpp-2015133054832-8 | DM:ReportEnd | GetPINNumber | Return Code | Output_Parameters:returncode | SUCCESS | 10000007111431496112
13/05/2015 11:26:24:686  INFO - In Progress | session id:mpp-2015133054832-8 | DM:ReportEnd | GetPINNumber | Input Type | Output_Parameters:inputType | dtmf | 10000007111431496112
13/05/2015 11:26:24:686  INFO - In Progress | session id:mpp-2015133054832-8 | DM:ReportEnd | GetPINNumber | Value | Output_Parameters:value | 1234567890 | 10000007111431496112
13/05/2015 11:26:24:686  INFO - End | session id:mpp-2015133054832-8 | DM:ReportEnd | GetPINNumber |  |  |  | 10000007111431496112
13/05/2015 11:26:24:792  INFO - In Progress | session id:mpp-2015133054832-8 | DM:ReportEnd | NotAuthorizedAnnc | Return Code | Output_Parameters:returncode |  | 10000007111431496112
13/05/2015 11:26:24:792  INFO - End | session id:mpp-2015133054832-8 | DM:ReportEnd | NotAuthorizedAnnc |  |  |  | 10000007111431496112
13/05/2015 11:26:39:921  INFO - In Progress | session id:mpp-2015133054832-8 | DM:ReportEnd | GetPINNumber | Return Code | Output_Parameters:returncode | SUCCESS | 10000007111431496112
13/05/2015 11:26:39:921  INFO - In Progress | session id:mpp-2015133054832-8 | DM:ReportEnd | GetPINNumber | Input Type | Output_Parameters:inputType | dtmf | 10000007111431496112
13/05/2015 11:26:39:921  INFO - In Progress | session id:mpp-2015133054832-8 | DM:ReportEnd | GetPINNumber | Value | Output_Parameters:value | 1234567890 | 10000007111431496112
13/05/2015 11:26:39:921  INFO - End | session id:mpp-2015133054832-8 | DM:ReportEnd | GetPINNumber |  |  |  | 10000007111431496112
13/05/2015 11:26:40:022  INFO - In Progress | session id:mpp-2015133054832-8 | DM:ReportEnd | NotAuthorizedAnnc | Return Code | Output_Parameters:returncode |  | 10000007111431496112
13/05/2015 11:26:40:022  INFO - End | session id:mpp-2015133054832-8 | DM:ReportEnd | NotAuthorizedAnnc |  |  |  | 10000007111431496112
13/05/2015 11:26:40:180  INFO - In Progress | session id:mpp-2015133054832-8 | DM:ReportEnd | ThankYouAnnc | Return Code | Output_Parameters:returncode |  | 10000007111431496112
13/05/2015 11:26:40:180  INFO - End | session id:mpp-2015133054832-8 | DM:ReportEnd | ThankYouAnnc |  |  |  | 10000007111431496112
13/05/2015 11:27:38:747  INFO - In Progress | session id:mpp-2015133055020-13 | DM:ReportEnd | WelcomeAnnc | Return Code | Output_Parameters:returncode |  | 10000007121431496220
13/05/2015 11:27:38:748  INFO - End | session id:mpp-2015133055020-13 | DM:ReportEnd | WelcomeAnnc |  |  |  | 10000007121431496220
13/05/2015 11:27:59:756  INFO - In Progress | session id:mpp-2015133055020-13 | DM:ReportEnd | GetPINNumber | Return Code | Output_Parameters:returncode | NOMATCH | 10000007121431496220
13/05/2015 11:27:59:756  INFO - End | session id:mpp-2015133055020-13 | DM:ReportEnd | GetPINNumber |  |  |  | 10000007121431496220
13/05/2015 12:42:25:287  INFO - In Progress | session id:mpp-2015133070501-13 | DM:ReportEnd | WelcomeAnnc | Return Code | Output_Parameters:returncode |  | 10000007231431500701
13/05/2015 12:42:25:310  INFO - End | session id:mpp-2015133070501-13 | DM:ReportEnd | WelcomeAnnc |  |  |  | 10000007231431500701
13/05/2015 12:43:17:618  INFO - In Progress | session id:mpp-2015133070558-5 | DM:ReportEnd | WelcomeAnnc | Return Code | Output_Parameters:returncode |  | 10000007241431500758
13/05/2015 12:43:17:618  INFO - End | session id:mpp-2015133070558-5 | DM:ReportEnd | WelcomeAnnc |  |  |  | 10000007241431500758
13/05/2015 12:43:31:311  INFO - In Progress | session id:mpp-2015133070558-5 | DM:ReportEnd | GetPINNumber | Return Code | Output_Parameters:returncode | SUCCESS | 10000007241431500758
13/05/2015 12:43:31:311  INFO - In Progress | session id:mpp-2015133070558-5 | DM:ReportEnd | GetPINNumber | Input Type | Output_Parameters:inputType | dtmf | 10000007241431500758
13/05/2015 12:43:31:311  INFO - In Progress | session id:mpp-2015133070558-5 | DM:ReportEnd | GetPINNumber | Value | Output_Parameters:value | 1234567890 | 10000007241431500758
13/05/2015 12:43:31:311  INFO - End | session id:mpp-2015133070558-5 | DM:ReportEnd | GetPINNumber |  |  |  | 10000007241431500758
13/05/2015 12:43:31:438  INFO - In Progress | session id:mpp-2015133070558-5 | DM:ReportEnd | NotAuthorizedAnnc | Return Code | Output_Parameters:returncode |  | 10000007241431500758
13/05/2015 12:43:31:438  INFO - End | session id:mpp-2015133070558-5 | DM:ReportEnd | NotAuthorizedAnnc |  |  |  | 10000007241431500758
13/05/2015 12:43:47:702  INFO - In Progress | session id:mpp-2015133070558-5 | DM:ReportEnd | GetPINNumber | Return Code | Output_Parameters:returncode | SUCCESS | 10000007241431500758
13/05/2015 12:43:47:702  INFO - In Progress | session id:mpp-2015133070558-5 | DM:ReportEnd | GetPINNumber | Input Type | Output_Parameters:inputType | dtmf | 10000007241431500758
13/05/2015 12:43:47:702  INFO - In Progress | session id:mpp-2015133070558-5 | DM:ReportEnd | GetPINNumber | Value | Output_Parameters:value | 1234567890 | 10000007241431500758
13/05/2015 12:43:47:703  INFO - End | session id:mpp-2015133070558-5 | DM:ReportEnd | GetPINNumber |  |  |  | 10000007241431500758
13/05/2015 12:43:47:805  INFO - In Progress | session id:mpp-2015133070558-5 | DM:ReportEnd | NotAuthorizedAnnc | Return Code | Output_Parameters:returncode |  | 10000007241431500758
13/05/2015 12:43:47:805  INFO - End | session id:mpp-2015133070558-5 | DM:ReportEnd | NotAuthorizedAnnc |  |  |  | 10000007241431500758
13/05/2015 12:43:57:244  INFO - In Progress | session id:mpp-2015133070558-5 | DM:ReportEnd | GetPINNumber | Return Code | Output_Parameters:returncode | SUCCESS | 10000007241431500758
13/05/2015 12:43:57:244  INFO - In Progress | session id:mpp-2015133070558-5 | DM:ReportEnd | GetPINNumber | Input Type | Output_Parameters:inputType | dtmf | 10000007241431500758
13/05/2015 12:43:57:244  INFO - In Progress | session id:mpp-2015133070558-5 | DM:ReportEnd | GetPINNumber | Value | Output_Parameters:value | 1234567890 | 10000007241431500758
13/05/2015 12:43:57:244  INFO - End | session id:mpp-2015133070558-5 | DM:ReportEnd | GetPINNumber |  |  |  | 10000007241431500758
13/05/2015 12:43:57:342  INFO - In Progress | session id:mpp-2015133070558-5 | DM:ReportEnd | NotAuthorizedAnnc | Return Code | Output_Parameters:returncode |  | 10000007241431500758
13/05/2015 12:43:57:342  INFO - End | session id:mpp-2015133070558-5 | DM:ReportEnd | NotAuthorizedAnnc |  |  |  | 10000007241431500758
13/05/2015 12:43:57:453  INFO - In Progress | session id:mpp-2015133070558-5 | DM:ReportEnd | ThankYouAnnc | Return Code | Output_Parameters:returncode |  | 10000007241431500758
13/05/2015 12:43:57:453  INFO - End | session id:mpp-2015133070558-5 | DM:ReportEnd | ThankYouAnnc |  |  |  | 10000007241431500758
13/05/2015 12:46:35:759  INFO - In Progress | session id:mpp-2015133070916-20 | DM:ReportEnd | WelcomeAnnc | Return Code | Output_Parameters:returncode |  | 10000007251431500956
13/05/2015 12:46:35:759  INFO - End | session id:mpp-2015133070916-20 | DM:ReportEnd | WelcomeAnnc |  |  |  | 10000007251431500956
13/05/2015 12:47:04:754  INFO - In Progress | session id:mpp-2015133070916-20 | DM:ReportEnd | GetPINNumber | Return Code | Output_Parameters:returncode | NOMATCH | 10000007251431500956
13/05/2015 12:47:04:754  INFO - End | session id:mpp-2015133070916-20 | DM:ReportEnd | GetPINNumber |  |  |  | 10000007251431500956
13/05/2015 12:49:15:733  INFO - In Progress | session id:mpp-2015133071156-15 | DM:ReportEnd | WelcomeAnnc | Return Code | Output_Parameters:returncode |  | 10000007261431501116
13/05/2015 12:49:15:733  INFO - End | session id:mpp-2015133071156-15 | DM:ReportEnd | WelcomeAnnc |  |  |  | 10000007261431501116
13/05/2015 12:49:26:681  INFO - In Progress | session id:mpp-2015133071156-15 | DM:ReportEnd | GetPINNumber | Return Code | Output_Parameters:returncode | SUCCESS | 10000007261431501116
13/05/2015 12:49:26:681  INFO - In Progress | session id:mpp-2015133071156-15 | DM:ReportEnd | GetPINNumber | Input Type | Output_Parameters:inputType | dtmf | 10000007261431501116
13/05/2015 12:49:26:681  INFO - In Progress | session id:mpp-2015133071156-15 | DM:ReportEnd | GetPINNumber | Value | Output_Parameters:value | 1237894560 | 10000007261431501116
13/05/2015 12:49:26:681  INFO - End | session id:mpp-2015133071156-15 | DM:ReportEnd | GetPINNumber |  |  |  | 10000007261431501116
13/05/2015 12:49:26:772  INFO - In Progress | session id:mpp-2015133071156-15 | DM:ReportEnd | NotAuthorizedAnnc | Return Code | Output_Parameters:returncode |  | 10000007261431501116
13/05/2015 12:49:26:772  INFO - End | session id:mpp-2015133071156-15 | DM:ReportEnd | NotAuthorizedAnnc |  |  |  | 10000007261431501116
13/05/2015 12:49:36:520  INFO - In Progress | session id:mpp-2015133071156-15 | DM:ReportEnd | GetPINNumber | Return Code | Output_Parameters:returncode | SUCCESS | 10000007261431501116
13/05/2015 12:49:36:520  INFO - In Progress | session id:mpp-2015133071156-15 | DM:ReportEnd | GetPINNumber | Input Type | Output_Parameters:inputType | dtmf | 10000007261431501116
13/05/2015 12:49:36:520  INFO - In Progress | session id:mpp-2015133071156-15 | DM:ReportEnd | GetPINNumber | Value | Output_Parameters:value | 1478523690 | 10000007261431501116
13/05/2015 12:49:36:521  INFO - End | session id:mpp-2015133071156-15 | DM:ReportEnd | GetPINNumber |  |  |  | 10000007261431501116
13/05/2015 12:49:36:614  INFO - In Progress | session id:mpp-2015133071156-15 | DM:ReportEnd | NotAuthorizedAnnc | Return Code | Output_Parameters:returncode |  | 10000007261431501116
13/05/2015 12:49:36:614  INFO - End | session id:mpp-2015133071156-15 | DM:ReportEnd | NotAuthorizedAnnc |  |  |  | 10000007261431501116
13/05/2015 12:49:46:082  INFO - In Progress | session id:mpp-2015133071156-15 | DM:ReportEnd | GetPINNumber | Return Code | Output_Parameters:returncode | SUCCESS | 10000007261431501116
13/05/2015 12:49:46:082  INFO - In Progress | session id:mpp-2015133071156-15 | DM:ReportEnd | GetPINNumber | Input Type | Output_Parameters:inputType | dtmf | 10000007261431501116
13/05/2015 12:49:46:082  INFO - In Progress | session id:mpp-2015133071156-15 | DM:ReportEnd | GetPINNumber | Value | Output_Parameters:value | 1477852369 | 10000007261431501116
13/05/2015 12:49:46:082  INFO - End | session id:mpp-2015133071156-15 | DM:ReportEnd | GetPINNumber |  |  |  | 10000007261431501116
13/05/2015 12:49:46:174  INFO - In Progress | session id:mpp-2015133071156-15 | DM:ReportEnd | NotAuthorizedAnnc | Return Code | Output_Parameters:returncode |  | 10000007261431501116
13/05/2015 12:49:46:175  INFO - End | session id:mpp-2015133071156-15 | DM:ReportEnd | NotAuthorizedAnnc |  |  |  | 10000007261431501116
13/05/2015 12:49:46:242  INFO - In Progress | session id:mpp-2015133071156-15 | DM:ReportEnd | ThankYouAnnc | Return Code | Output_Parameters:returncode |  | 10000007261431501116
13/05/2015 12:49:46:242  INFO - End | session id:mpp-2015133071156-15 | DM:ReportEnd | ThankYouAnnc |  |  |  | 10000007261431501116
13/05/2015 12:58:08:185  INFO - In Progress | session id:mpp-2015133072045-7 | DM:ReportEnd | WelcomeAnnc | Return Code | Output_Parameters:returncode |  | 10000007281431501645
13/05/2015 12:58:08:186  INFO - End | session id:mpp-2015133072045-7 | DM:ReportEnd | WelcomeAnnc |  |  |  | 10000007281431501645
13/05/2015 12:58:28:327  INFO - In Progress | session id:mpp-2015133072045-7 | DM:ReportEnd | GetPINNumber | Return Code | Output_Parameters:returncode | SUCCESS | 10000007281431501645
13/05/2015 12:58:28:328  INFO - In Progress | session id:mpp-2015133072045-7 | DM:ReportEnd | GetPINNumber | Input Type | Output_Parameters:inputType | dtmf | 10000007281431501645
13/05/2015 12:58:28:328  INFO - In Progress | session id:mpp-2015133072045-7 | DM:ReportEnd | GetPINNumber | Value | Output_Parameters:value | 1478523690 | 10000007281431501645
13/05/2015 12:58:28:328  INFO - End | session id:mpp-2015133072045-7 | DM:ReportEnd | GetPINNumber |  |  |  | 10000007281431501645
13/05/2015 12:58:28:414  INFO - In Progress | session id:mpp-2015133072045-7 | DM:ReportEnd | NotAuthorizedAnnc | Return Code | Output_Parameters:returncode |  | 10000007281431501645
13/05/2015 12:58:28:414  INFO - End | session id:mpp-2015133072045-7 | DM:ReportEnd | NotAuthorizedAnnc |  |  |  | 10000007281431501645
13/05/2015 12:58:38:016  INFO - In Progress | session id:mpp-2015133072045-7 | DM:ReportEnd | GetPINNumber | Return Code | Output_Parameters:returncode | SUCCESS | 10000007281431501645
13/05/2015 12:58:38:017  INFO - In Progress | session id:mpp-2015133072045-7 | DM:ReportEnd | GetPINNumber | Input Type | Output_Parameters:inputType | dtmf | 10000007281431501645
13/05/2015 12:58:38:017  INFO - In Progress | session id:mpp-2015133072045-7 | DM:ReportEnd | GetPINNumber | Value | Output_Parameters:value | 1478523690 | 10000007281431501645
13/05/2015 12:58:38:017  INFO - End | session id:mpp-2015133072045-7 | DM:ReportEnd | GetPINNumber |  |  |  | 10000007281431501645
13/05/2015 12:58:38:111  INFO - In Progress | session id:mpp-2015133072045-7 | DM:ReportEnd | NotAuthorizedAnnc | Return Code | Output_Parameters:returncode |  | 10000007281431501645
13/05/2015 12:58:38:111  INFO - End | session id:mpp-2015133072045-7 | DM:ReportEnd | NotAuthorizedAnnc |  |  |  | 10000007281431501645
13/05/2015 12:58:50:624  INFO - In Progress | session id:mpp-2015133072045-7 | DM:ReportEnd | GetPINNumber | Return Code | Output_Parameters:returncode | SUCCESS | 10000007281431501645
13/05/2015 12:58:50:624  INFO - In Progress | session id:mpp-2015133072045-7 | DM:ReportEnd | GetPINNumber | Input Type | Output_Parameters:inputType | dtmf | 10000007281431501645
13/05/2015 12:58:50:624  INFO - In Progress | session id:mpp-2015133072045-7 | DM:ReportEnd | GetPINNumber | Value | Output_Parameters:value | 1478523690 | 10000007281431501645
13/05/2015 12:58:50:624  INFO - End | session id:mpp-2015133072045-7 | DM:ReportEnd | GetPINNumber |  |  |  | 10000007281431501645
13/05/2015 12:58:50:722  INFO - In Progress | session id:mpp-2015133072045-7 | DM:ReportEnd | NotAuthorizedAnnc | Return Code | Output_Parameters:returncode |  | 10000007281431501645
13/05/2015 12:58:50:722  INFO - End | session id:mpp-2015133072045-7 | DM:ReportEnd | NotAuthorizedAnnc |  |  |  | 10000007281431501645
13/05/2015 12:58:50:788  INFO - In Progress | session id:mpp-2015133072045-7 | DM:ReportEnd | ThankYouAnnc | Return Code | Output_Parameters:returncode |  | 10000007281431501645
13/05/2015 12:58:50:788  INFO - End | session id:mpp-2015133072045-7 | DM:ReportEnd | ThankYouAnnc |  |  |  | 10000007281431501645
13/05/2015 18:17:30:743  INFO - In Progress | session id:mpp-2015133124005-10 | DM:ReportEnd | WelcomeAnnc | Return Code | Output_Parameters:returncode |  | 10000007711431520805
13/05/2015 18:17:30:784  INFO - End | session id:mpp-2015133124005-10 | DM:ReportEnd | WelcomeAnnc |  |  |  | 10000007711431520805
13/05/2015 18:17:45:481  INFO - In Progress | session id:mpp-2015133124005-10 | DM:ReportEnd | GetPINNumber | Return Code | Output_Parameters:returncode | SUCCESS | 10000007711431520805
13/05/2015 18:17:45:482  INFO - In Progress | session id:mpp-2015133124005-10 | DM:ReportEnd | GetPINNumber | Input Type | Output_Parameters:inputType | dtmf | 10000007711431520805
13/05/2015 18:17:45:482  INFO - In Progress | session id:mpp-2015133124005-10 | DM:ReportEnd | GetPINNumber | Value | Output_Parameters:value | 1234567890 | 10000007711431520805
13/05/2015 18:17:45:482  INFO - End | session id:mpp-2015133124005-10 | DM:ReportEnd | GetPINNumber |  |  |  | 10000007711431520805
13/05/2015 18:17:45:613  INFO - In Progress | session id:mpp-2015133124005-10 | DM:ReportEnd | NotAuthorizedAnnc | Return Code | Output_Parameters:returncode |  | 10000007711431520805
13/05/2015 18:17:45:613  INFO - End | session id:mpp-2015133124005-10 | DM:ReportEnd | NotAuthorizedAnnc |  |  |  | 10000007711431520805
13/05/2015 18:18:26:630  INFO - In Progress | session id:mpp-2015133124005-10 | DM:ReportEnd | GetPINNumber | Return Code | Output_Parameters:returncode | NOINPUT | 10000007711431520805
13/05/2015 18:18:26:630  INFO - End | session id:mpp-2015133124005-10 | DM:ReportEnd | GetPINNumber |  |  |  | 10000007711431520805
13/05/2015 18:18:44:433  INFO - In Progress | session id:mpp-2015133124124-8 | DM:ReportEnd | WelcomeAnnc | Return Code | Output_Parameters:returncode |  | 10000007721431520884
13/05/2015 18:18:44:433  INFO - End | session id:mpp-2015133124124-8 | DM:ReportEnd | WelcomeAnnc |  |  |  | 10000007721431520884
13/05/2015 18:19:04:409  INFO - In Progress | session id:mpp-2015133124144-2 | DM:ReportEnd | WelcomeAnnc | Return Code | Output_Parameters:returncode |  | 10000007741431520904
13/05/2015 18:19:04:409  INFO - End | session id:mpp-2015133124144-2 | DM:ReportEnd | WelcomeAnnc |  |  |  | 10000007741431520904
13/05/2015 18:19:36:538  INFO - In Progress | session id:mpp-2015133124144-2 | DM:ReportEnd | GetPINNumber | Return Code | Output_Parameters:returncode | NOMATCH | 10000007741431520904
13/05/2015 18:19:36:539  INFO - End | session id:mpp-2015133124144-2 | DM:ReportEnd | GetPINNumber |  |  |  | 10000007741431520904
